02-May-2023 10:32:52.165 정보 [main] org.apache.catalina.startup.VersionLoggerListener.log 서버 버전 이름:    Apache Tomcat/9.0.74
02-May-2023 10:32:52.166 정보 [main] org.apache.catalina.startup.VersionLoggerListener.log Server 빌드 시각:  Apr 13 2023 08:10:39 UTC
02-May-2023 10:32:52.166 정보 [main] org.apache.catalina.startup.VersionLoggerListener.log Server 버전 번호:  9.0.74.0
02-May-2023 10:32:52.166 정보 [main] org.apache.catalina.startup.VersionLoggerListener.log 운영체제 이름:     Mac OS X
02-May-2023 10:32:52.166 정보 [main] org.apache.catalina.startup.VersionLoggerListener.log 운영체제 버전:     13.3.1
02-May-2023 10:32:52.166 정보 [main] org.apache.catalina.startup.VersionLoggerListener.log 아키텍처:          aarch64
02-May-2023 10:32:52.167 정보 [main] org.apache.catalina.startup.VersionLoggerListener.log 자바 홈:           /Library/Java/JavaVirtualMachines/zulu-17.jdk/Contents/Home
02-May-2023 10:32:52.167 정보 [main] org.apache.catalina.startup.VersionLoggerListener.log JVM 버전:          17.0.6+10-LTS
02-May-2023 10:32:52.167 정보 [main] org.apache.catalina.startup.VersionLoggerListener.log JVM 벤더:          Azul Systems, Inc.
02-May-2023 10:32:52.167 정보 [main] org.apache.catalina.startup.VersionLoggerListener.log CATALINA_BASE:     /Users/ksy/Desktop/KIC_JAVA_PRAC/apache-tomcat-9.0.74
02-May-2023 10:32:52.167 정보 [main] org.apache.catalina.startup.VersionLoggerListener.log CATALINA_HOME:     /Users/ksy/Desktop/KIC_JAVA_PRAC/apache-tomcat-9.0.74
02-May-2023 10:32:52.200 정보 [main] org.apache.catalina.startup.VersionLoggerListener.log 명령 행 아규먼트:  --add-opens=java.base/java.lang=ALL-UNNAMED
02-May-2023 10:32:52.201 정보 [main] org.apache.catalina.startup.VersionLoggerListener.log 명령 행 아규먼트:  --add-opens=java.base/java.io=ALL-UNNAMED
02-May-2023 10:32:52.201 정보 [main] org.apache.catalina.startup.VersionLoggerListener.log 명령 행 아규먼트:  --add-opens=java.base/java.util=ALL-UNNAMED
02-May-2023 10:32:52.201 정보 [main] org.apache.catalina.startup.VersionLoggerListener.log 명령 행 아규먼트:  --add-opens=java.base/java.util.concurrent=ALL-UNNAMED
02-May-2023 10:32:52.201 정보 [main] org.apache.catalina.startup.VersionLoggerListener.log 명령 행 아규먼트:  --add-opens=java.rmi/sun.rmi.transport=ALL-UNNAMED
02-May-2023 10:32:52.201 정보 [main] org.apache.catalina.startup.VersionLoggerListener.log 명령 행 아규먼트:  -Djava.util.logging.config.file=/Users/ksy/Desktop/KIC_JAVA_PRAC/apache-tomcat-9.0.74/conf/logging.properties
02-May-2023 10:32:52.201 정보 [main] org.apache.catalina.startup.VersionLoggerListener.log 명령 행 아규먼트:  -Djava.util.logging.manager=org.apache.juli.ClassLoaderLogManager
02-May-2023 10:32:52.201 정보 [main] org.apache.catalina.startup.VersionLoggerListener.log 명령 행 아규먼트:  -Djdk.tls.ephemeralDHKeySize=2048
02-May-2023 10:32:52.201 정보 [main] org.apache.catalina.startup.VersionLoggerListener.log 명령 행 아규먼트:  -Djava.protocol.handler.pkgs=org.apache.catalina.webresources
02-May-2023 10:32:52.201 정보 [main] org.apache.catalina.startup.VersionLoggerListener.log 명령 행 아규먼트:  -Dorg.apache.catalina.security.SecurityListener.UMASK=0027
02-May-2023 10:32:52.201 정보 [main] org.apache.catalina.startup.VersionLoggerListener.log 명령 행 아규먼트:  -Dignore.endorsed.dirs=
02-May-2023 10:32:52.201 정보 [main] org.apache.catalina.startup.VersionLoggerListener.log 명령 행 아규먼트:  -Dcatalina.base=/Users/ksy/Desktop/KIC_JAVA_PRAC/apache-tomcat-9.0.74
02-May-2023 10:32:52.201 정보 [main] org.apache.catalina.startup.VersionLoggerListener.log 명령 행 아규먼트:  -Dcatalina.home=/Users/ksy/Desktop/KIC_JAVA_PRAC/apache-tomcat-9.0.74
02-May-2023 10:32:52.201 정보 [main] org.apache.catalina.startup.VersionLoggerListener.log 명령 행 아규먼트:  -Djava.io.tmpdir=/Users/ksy/Desktop/KIC_JAVA_PRAC/apache-tomcat-9.0.74/temp
02-May-2023 10:32:52.205 정보 [main] org.apache.catalina.core.AprLifecycleListener.lifecycleEvent 프로덕션 환경들에서 최적의 성능을 제공하는, APR 기반 Apache Tomcat Native 라이브러리가, 다음 java.library.path에서 발견되지 않습니다: [/Users/ksy/Library/Java/Extensions:/Library/Java/Extensions:/Network/Library/Java/Extensions:/System/Library/Java/Extensions:/usr/lib/java:.]
02-May-2023 10:32:52.315 정보 [main] org.apache.coyote.AbstractProtocol.init 프로토콜 핸들러 ["http-nio-8080"]을(를) 초기화합니다.
02-May-2023 10:32:52.343 정보 [main] org.apache.catalina.startup.Catalina.load [257] 밀리초 내에 서버가 초기화되었습니다.
02-May-2023 10:32:52.357 정보 [main] org.apache.catalina.core.StandardService.startInternal 서비스 [Catalina]을(를) 시작합니다.
02-May-2023 10:32:52.357 정보 [main] org.apache.catalina.core.StandardEngine.startInternal 서버 엔진을 시작합니다: [Apache Tomcat/9.0.74]
02-May-2023 10:32:52.360 정보 [main] org.apache.catalina.startup.HostConfig.deployDirectory 웹 애플리케이션 디렉토리 [/Users/ksy/Desktop/KIC_JAVA_PRAC/apache-tomcat-9.0.74/webapps/docs]을(를) 배치합니다.
02-May-2023 10:32:52.465 정보 [main] org.apache.catalina.startup.HostConfig.deployDirectory 웹 애플리케이션 디렉토리 [/Users/ksy/Desktop/KIC_JAVA_PRAC/apache-tomcat-9.0.74/webapps/docs]에 대한 배치가 [104] 밀리초에 완료되었습니다.
02-May-2023 10:32:52.465 정보 [main] org.apache.catalina.startup.HostConfig.deployDirectory 웹 애플리케이션 디렉토리 [/Users/ksy/Desktop/KIC_JAVA_PRAC/apache-tomcat-9.0.74/webapps/manager]을(를) 배치합니다.
02-May-2023 10:32:52.483 정보 [main] org.apache.catalina.startup.HostConfig.deployDirectory 웹 애플리케이션 디렉토리 [/Users/ksy/Desktop/KIC_JAVA_PRAC/apache-tomcat-9.0.74/webapps/manager]에 대한 배치가 [18] 밀리초에 완료되었습니다.
02-May-2023 10:32:52.483 정보 [main] org.apache.catalina.startup.HostConfig.deployDirectory 웹 애플리케이션 디렉토리 [/Users/ksy/Desktop/KIC_JAVA_PRAC/apache-tomcat-9.0.74/webapps/examples]을(를) 배치합니다.
02-May-2023 10:32:52.593 정보 [main] org.apache.catalina.startup.HostConfig.deployDirectory 웹 애플리케이션 디렉토리 [/Users/ksy/Desktop/KIC_JAVA_PRAC/apache-tomcat-9.0.74/webapps/examples]에 대한 배치가 [110] 밀리초에 완료되었습니다.
02-May-2023 10:32:52.593 정보 [main] org.apache.catalina.startup.HostConfig.deployDirectory 웹 애플리케이션 디렉토리 [/Users/ksy/Desktop/KIC_JAVA_PRAC/apache-tomcat-9.0.74/webapps/ROOT]을(를) 배치합니다.
02-May-2023 10:32:52.601 정보 [main] org.apache.catalina.startup.HostConfig.deployDirectory 웹 애플리케이션 디렉토리 [/Users/ksy/Desktop/KIC_JAVA_PRAC/apache-tomcat-9.0.74/webapps/ROOT]에 대한 배치가 [8] 밀리초에 완료되었습니다.
02-May-2023 10:32:52.601 정보 [main] org.apache.catalina.startup.HostConfig.deployDirectory 웹 애플리케이션 디렉토리 [/Users/ksy/Desktop/KIC_JAVA_PRAC/apache-tomcat-9.0.74/webapps/host-manager]을(를) 배치합니다.
02-May-2023 10:32:52.610 정보 [main] org.apache.catalina.startup.HostConfig.deployDirectory 웹 애플리케이션 디렉토리 [/Users/ksy/Desktop/KIC_JAVA_PRAC/apache-tomcat-9.0.74/webapps/host-manager]에 대한 배치가 [9] 밀리초에 완료되었습니다.
02-May-2023 10:32:52.612 정보 [main] org.apache.coyote.AbstractProtocol.start 프로토콜 핸들러 ["http-nio-8080"]을(를) 시작합니다.
02-May-2023 10:32:52.617 정보 [main] org.apache.catalina.startup.Catalina.start 서버가 [273] 밀리초 내에 시작되었습니다.
02-May-2023 10:37:11.406 정보 [main] org.apache.catalina.core.StandardServer.await 셧다운 포트를 통해 유효한 셧다운 명령을 받았습니다. 서버 인스턴스를 중지시킵니다.
02-May-2023 10:37:11.406 정보 [main] org.apache.coyote.AbstractProtocol.pause 프로토콜 핸들러 ["http-nio-8080"]을(를) 일시 정지 중
02-May-2023 10:37:11.408 정보 [main] org.apache.catalina.core.StandardService.stopInternal 서비스 [Catalina]을(를) 중지시킵니다.
02-May-2023 10:37:11.416 정보 [main] org.apache.coyote.AbstractProtocol.stop 프로토콜 핸들러 ["http-nio-8080"]을(를) 중지시킵니다.
02-May-2023 10:37:11.418 정보 [main] org.apache.coyote.AbstractProtocol.destroy 프로토콜 핸들러 ["http-nio-8080"]을(를) 소멸시킵니다.
02-May-2023 10:41:25.494 정보 [main] org.apache.catalina.startup.VersionLoggerListener.log 서버 버전 이름:    Apache Tomcat/9.0.74
02-May-2023 10:41:25.496 정보 [main] org.apache.catalina.startup.VersionLoggerListener.log Server 빌드 시각:  Apr 13 2023 08:10:39 UTC
02-May-2023 10:41:25.496 정보 [main] org.apache.catalina.startup.VersionLoggerListener.log Server 버전 번호:  9.0.74.0
02-May-2023 10:41:25.496 정보 [main] org.apache.catalina.startup.VersionLoggerListener.log 운영체제 이름:     Mac OS X
02-May-2023 10:41:25.496 정보 [main] org.apache.catalina.startup.VersionLoggerListener.log 운영체제 버전:     13.3.1
02-May-2023 10:41:25.496 정보 [main] org.apache.catalina.startup.VersionLoggerListener.log 아키텍처:          aarch64
02-May-2023 10:41:25.496 정보 [main] org.apache.catalina.startup.VersionLoggerListener.log 자바 홈:           /Library/Java/JavaVirtualMachines/zulu-17.jdk/Contents/Home
02-May-2023 10:41:25.496 정보 [main] org.apache.catalina.startup.VersionLoggerListener.log JVM 버전:          17.0.6+10-LTS
02-May-2023 10:41:25.496 정보 [main] org.apache.catalina.startup.VersionLoggerListener.log JVM 벤더:          Azul Systems, Inc.
02-May-2023 10:41:25.496 정보 [main] org.apache.catalina.startup.VersionLoggerListener.log CATALINA_BASE:     /Users/ksy/Desktop/KIC_JAVA_PRAC/apache-tomcat-9.0.74
02-May-2023 10:41:25.496 정보 [main] org.apache.catalina.startup.VersionLoggerListener.log CATALINA_HOME:     /Users/ksy/Desktop/KIC_JAVA_PRAC/apache-tomcat-9.0.74
02-May-2023 10:41:25.501 정보 [main] org.apache.catalina.startup.VersionLoggerListener.log 명령 행 아규먼트:  --add-opens=java.base/java.lang=ALL-UNNAMED
02-May-2023 10:41:25.501 정보 [main] org.apache.catalina.startup.VersionLoggerListener.log 명령 행 아규먼트:  --add-opens=java.base/java.io=ALL-UNNAMED
02-May-2023 10:41:25.501 정보 [main] org.apache.catalina.startup.VersionLoggerListener.log 명령 행 아규먼트:  --add-opens=java.base/java.util=ALL-UNNAMED
02-May-2023 10:41:25.501 정보 [main] org.apache.catalina.startup.VersionLoggerListener.log 명령 행 아규먼트:  --add-opens=java.base/java.util.concurrent=ALL-UNNAMED
02-May-2023 10:41:25.501 정보 [main] org.apache.catalina.startup.VersionLoggerListener.log 명령 행 아규먼트:  --add-opens=java.rmi/sun.rmi.transport=ALL-UNNAMED
02-May-2023 10:41:25.501 정보 [main] org.apache.catalina.startup.VersionLoggerListener.log 명령 행 아규먼트:  -Djava.util.logging.config.file=/Users/ksy/Desktop/KIC_JAVA_PRAC/apache-tomcat-9.0.74/conf/logging.properties
02-May-2023 10:41:25.501 정보 [main] org.apache.catalina.startup.VersionLoggerListener.log 명령 행 아규먼트:  -Djava.util.logging.manager=org.apache.juli.ClassLoaderLogManager
02-May-2023 10:41:25.501 정보 [main] org.apache.catalina.startup.VersionLoggerListener.log 명령 행 아규먼트:  -Djdk.tls.ephemeralDHKeySize=2048
02-May-2023 10:41:25.501 정보 [main] org.apache.catalina.startup.VersionLoggerListener.log 명령 행 아규먼트:  -Djava.protocol.handler.pkgs=org.apache.catalina.webresources
02-May-2023 10:41:25.501 정보 [main] org.apache.catalina.startup.VersionLoggerListener.log 명령 행 아규먼트:  -Dorg.apache.catalina.security.SecurityListener.UMASK=0027
02-May-2023 10:41:25.501 정보 [main] org.apache.catalina.startup.VersionLoggerListener.log 명령 행 아규먼트:  -Dignore.endorsed.dirs=
02-May-2023 10:41:25.501 정보 [main] org.apache.catalina.startup.VersionLoggerListener.log 명령 행 아규먼트:  -Dcatalina.base=/Users/ksy/Desktop/KIC_JAVA_PRAC/apache-tomcat-9.0.74
02-May-2023 10:41:25.501 정보 [main] org.apache.catalina.startup.VersionLoggerListener.log 명령 행 아규먼트:  -Dcatalina.home=/Users/ksy/Desktop/KIC_JAVA_PRAC/apache-tomcat-9.0.74
02-May-2023 10:41:25.501 정보 [main] org.apache.catalina.startup.VersionLoggerListener.log 명령 행 아규먼트:  -Djava.io.tmpdir=/Users/ksy/Desktop/KIC_JAVA_PRAC/apache-tomcat-9.0.74/temp
02-May-2023 10:41:25.505 정보 [main] org.apache.catalina.core.AprLifecycleListener.lifecycleEvent 프로덕션 환경들에서 최적의 성능을 제공하는, APR 기반 Apache Tomcat Native 라이브러리가, 다음 java.library.path에서 발견되지 않습니다: [/Users/ksy/Library/Java/Extensions:/Library/Java/Extensions:/Network/Library/Java/Extensions:/System/Library/Java/Extensions:/usr/lib/java:.]
02-May-2023 10:41:25.614 정보 [main] org.apache.coyote.AbstractProtocol.init 프로토콜 핸들러 ["http-nio-8080"]을(를) 초기화합니다.
02-May-2023 10:41:25.625 정보 [main] org.apache.catalina.startup.Catalina.load [212] 밀리초 내에 서버가 초기화되었습니다.
02-May-2023 10:41:25.639 정보 [main] org.apache.catalina.core.StandardService.startInternal 서비스 [Catalina]을(를) 시작합니다.
02-May-2023 10:41:25.640 정보 [main] org.apache.catalina.core.StandardEngine.startInternal 서버 엔진을 시작합니다: [Apache Tomcat/9.0.74]
02-May-2023 10:41:25.642 정보 [main] org.apache.catalina.startup.HostConfig.deployDirectory 웹 애플리케이션 디렉토리 [/Users/ksy/Desktop/KIC_JAVA_PRAC/apache-tomcat-9.0.74/webapps/docs]을(를) 배치합니다.
02-May-2023 10:41:25.744 정보 [main] org.apache.catalina.startup.HostConfig.deployDirectory 웹 애플리케이션 디렉토리 [/Users/ksy/Desktop/KIC_JAVA_PRAC/apache-tomcat-9.0.74/webapps/docs]에 대한 배치가 [101] 밀리초에 완료되었습니다.
02-May-2023 10:41:25.744 정보 [main] org.apache.catalina.startup.HostConfig.deployDirectory 웹 애플리케이션 디렉토리 [/Users/ksy/Desktop/KIC_JAVA_PRAC/apache-tomcat-9.0.74/webapps/manager]을(를) 배치합니다.
02-May-2023 10:41:25.758 정보 [main] org.apache.catalina.startup.HostConfig.deployDirectory 웹 애플리케이션 디렉토리 [/Users/ksy/Desktop/KIC_JAVA_PRAC/apache-tomcat-9.0.74/webapps/manager]에 대한 배치가 [14] 밀리초에 완료되었습니다.
02-May-2023 10:41:25.758 정보 [main] org.apache.catalina.startup.HostConfig.deployDirectory 웹 애플리케이션 디렉토리 [/Users/ksy/Desktop/KIC_JAVA_PRAC/apache-tomcat-9.0.74/webapps/examples]을(를) 배치합니다.
02-May-2023 10:41:25.841 정보 [main] org.apache.catalina.startup.HostConfig.deployDirectory 웹 애플리케이션 디렉토리 [/Users/ksy/Desktop/KIC_JAVA_PRAC/apache-tomcat-9.0.74/webapps/examples]에 대한 배치가 [83] 밀리초에 완료되었습니다.
02-May-2023 10:41:25.842 정보 [main] org.apache.catalina.startup.HostConfig.deployDirectory 웹 애플리케이션 디렉토리 [/Users/ksy/Desktop/KIC_JAVA_PRAC/apache-tomcat-9.0.74/webapps/ROOT]을(를) 배치합니다.
02-May-2023 10:41:25.848 정보 [main] org.apache.catalina.startup.HostConfig.deployDirectory 웹 애플리케이션 디렉토리 [/Users/ksy/Desktop/KIC_JAVA_PRAC/apache-tomcat-9.0.74/webapps/ROOT]에 대한 배치가 [7] 밀리초에 완료되었습니다.
02-May-2023 10:41:25.848 정보 [main] org.apache.catalina.startup.HostConfig.deployDirectory 웹 애플리케이션 디렉토리 [/Users/ksy/Desktop/KIC_JAVA_PRAC/apache-tomcat-9.0.74/webapps/host-manager]을(를) 배치합니다.
02-May-2023 10:41:25.855 정보 [main] org.apache.catalina.startup.HostConfig.deployDirectory 웹 애플리케이션 디렉토리 [/Users/ksy/Desktop/KIC_JAVA_PRAC/apache-tomcat-9.0.74/webapps/host-manager]에 대한 배치가 [7] 밀리초에 완료되었습니다.
02-May-2023 10:41:25.855 정보 [main] org.apache.catalina.startup.HostConfig.deployDirectory 웹 애플리케이션 디렉토리 [/Users/ksy/Desktop/KIC_JAVA_PRAC/apache-tomcat-9.0.74/webapps/website1]을(를) 배치합니다.
02-May-2023 10:41:25.864 정보 [main] org.apache.catalina.startup.HostConfig.deployDirectory 웹 애플리케이션 디렉토리 [/Users/ksy/Desktop/KIC_JAVA_PRAC/apache-tomcat-9.0.74/webapps/website1]에 대한 배치가 [8] 밀리초에 완료되었습니다.
02-May-2023 10:41:25.865 정보 [main] org.apache.coyote.AbstractProtocol.start 프로토콜 핸들러 ["http-nio-8080"]을(를) 시작합니다.
02-May-2023 10:41:25.870 정보 [main] org.apache.catalina.startup.Catalina.start 서버가 [245] 밀리초 내에 시작되었습니다.
02-May-2023 10:47:28.280 정보 [main] org.apache.catalina.core.StandardServer.await 셧다운 포트를 통해 유효한 셧다운 명령을 받았습니다. 서버 인스턴스를 중지시킵니다.
02-May-2023 10:47:28.280 정보 [main] org.apache.coyote.AbstractProtocol.pause 프로토콜 핸들러 ["http-nio-8080"]을(를) 일시 정지 중
02-May-2023 10:47:28.282 정보 [main] org.apache.catalina.core.StandardService.stopInternal 서비스 [Catalina]을(를) 중지시킵니다.
02-May-2023 10:47:28.293 정보 [main] org.apache.coyote.AbstractProtocol.stop 프로토콜 핸들러 ["http-nio-8080"]을(를) 중지시킵니다.
02-May-2023 10:47:28.295 정보 [main] org.apache.coyote.AbstractProtocol.destroy 프로토콜 핸들러 ["http-nio-8080"]을(를) 소멸시킵니다.
02-May-2023 10:51:24.737 정보 [main] org.apache.catalina.startup.VersionLoggerListener.log 서버 버전 이름:    Apache Tomcat/9.0.74
02-May-2023 10:51:24.739 정보 [main] org.apache.catalina.startup.VersionLoggerListener.log Server 빌드 시각:  Apr 13 2023 08:10:39 UTC
02-May-2023 10:51:24.739 정보 [main] org.apache.catalina.startup.VersionLoggerListener.log Server 버전 번호:  9.0.74.0
02-May-2023 10:51:24.739 정보 [main] org.apache.catalina.startup.VersionLoggerListener.log 운영체제 이름:     Mac OS X
02-May-2023 10:51:24.739 정보 [main] org.apache.catalina.startup.VersionLoggerListener.log 운영체제 버전:     13.3.1
02-May-2023 10:51:24.739 정보 [main] org.apache.catalina.startup.VersionLoggerListener.log 아키텍처:          aarch64
02-May-2023 10:51:24.739 정보 [main] org.apache.catalina.startup.VersionLoggerListener.log 자바 홈:           /Library/Java/JavaVirtualMachines/zulu-17.jdk/Contents/Home
02-May-2023 10:51:24.739 정보 [main] org.apache.catalina.startup.VersionLoggerListener.log JVM 버전:          17.0.6+10-LTS
02-May-2023 10:51:24.739 정보 [main] org.apache.catalina.startup.VersionLoggerListener.log JVM 벤더:          Azul Systems, Inc.
02-May-2023 10:51:24.739 정보 [main] org.apache.catalina.startup.VersionLoggerListener.log CATALINA_BASE:     /Users/ksy/Desktop/KIC_JAVA_PRAC/apache-tomcat-9.0.74
02-May-2023 10:51:24.739 정보 [main] org.apache.catalina.startup.VersionLoggerListener.log CATALINA_HOME:     /Users/ksy/Desktop/KIC_JAVA_PRAC/apache-tomcat-9.0.74
02-May-2023 10:51:24.744 정보 [main] org.apache.catalina.startup.VersionLoggerListener.log 명령 행 아규먼트:  --add-opens=java.base/java.lang=ALL-UNNAMED
02-May-2023 10:51:24.744 정보 [main] org.apache.catalina.startup.VersionLoggerListener.log 명령 행 아규먼트:  --add-opens=java.base/java.io=ALL-UNNAMED
02-May-2023 10:51:24.744 정보 [main] org.apache.catalina.startup.VersionLoggerListener.log 명령 행 아규먼트:  --add-opens=java.base/java.util=ALL-UNNAMED
02-May-2023 10:51:24.744 정보 [main] org.apache.catalina.startup.VersionLoggerListener.log 명령 행 아규먼트:  --add-opens=java.base/java.util.concurrent=ALL-UNNAMED
02-May-2023 10:51:24.744 정보 [main] org.apache.catalina.startup.VersionLoggerListener.log 명령 행 아규먼트:  --add-opens=java.rmi/sun.rmi.transport=ALL-UNNAMED
02-May-2023 10:51:24.744 정보 [main] org.apache.catalina.startup.VersionLoggerListener.log 명령 행 아규먼트:  -Djava.util.logging.config.file=/Users/ksy/Desktop/KIC_JAVA_PRAC/apache-tomcat-9.0.74/conf/logging.properties
02-May-2023 10:51:24.744 정보 [main] org.apache.catalina.startup.VersionLoggerListener.log 명령 행 아규먼트:  -Djava.util.logging.manager=org.apache.juli.ClassLoaderLogManager
02-May-2023 10:51:24.744 정보 [main] org.apache.catalina.startup.VersionLoggerListener.log 명령 행 아규먼트:  -Djdk.tls.ephemeralDHKeySize=2048
02-May-2023 10:51:24.744 정보 [main] org.apache.catalina.startup.VersionLoggerListener.log 명령 행 아규먼트:  -Djava.protocol.handler.pkgs=org.apache.catalina.webresources
02-May-2023 10:51:24.744 정보 [main] org.apache.catalina.startup.VersionLoggerListener.log 명령 행 아규먼트:  -Dorg.apache.catalina.security.SecurityListener.UMASK=0027
02-May-2023 10:51:24.744 정보 [main] org.apache.catalina.startup.VersionLoggerListener.log 명령 행 아규먼트:  -Dignore.endorsed.dirs=
02-May-2023 10:51:24.744 정보 [main] org.apache.catalina.startup.VersionLoggerListener.log 명령 행 아규먼트:  -Dcatalina.base=/Users/ksy/Desktop/KIC_JAVA_PRAC/apache-tomcat-9.0.74
02-May-2023 10:51:24.744 정보 [main] org.apache.catalina.startup.VersionLoggerListener.log 명령 행 아규먼트:  -Dcatalina.home=/Users/ksy/Desktop/KIC_JAVA_PRAC/apache-tomcat-9.0.74
02-May-2023 10:51:24.744 정보 [main] org.apache.catalina.startup.VersionLoggerListener.log 명령 행 아규먼트:  -Djava.io.tmpdir=/Users/ksy/Desktop/KIC_JAVA_PRAC/apache-tomcat-9.0.74/temp
02-May-2023 10:51:24.748 정보 [main] org.apache.catalina.core.AprLifecycleListener.lifecycleEvent 프로덕션 환경들에서 최적의 성능을 제공하는, APR 기반 Apache Tomcat Native 라이브러리가, 다음 java.library.path에서 발견되지 않습니다: [/Users/ksy/Library/Java/Extensions:/Library/Java/Extensions:/Network/Library/Java/Extensions:/System/Library/Java/Extensions:/usr/lib/java:.]
02-May-2023 10:51:24.856 정보 [main] org.apache.coyote.AbstractProtocol.init 프로토콜 핸들러 ["http-nio-8080"]을(를) 초기화합니다.
02-May-2023 10:51:24.867 정보 [main] org.apache.catalina.startup.Catalina.load [214] 밀리초 내에 서버가 초기화되었습니다.
02-May-2023 10:51:24.881 정보 [main] org.apache.catalina.core.StandardService.startInternal 서비스 [Catalina]을(를) 시작합니다.
02-May-2023 10:51:24.881 정보 [main] org.apache.catalina.core.StandardEngine.startInternal 서버 엔진을 시작합니다: [Apache Tomcat/9.0.74]
02-May-2023 10:51:24.883 정보 [main] org.apache.catalina.startup.HostConfig.deployDirectory 웹 애플리케이션 디렉토리 [/Users/ksy/Desktop/KIC_JAVA_PRAC/apache-tomcat-9.0.74/webapps/docs]을(를) 배치합니다.
02-May-2023 10:51:24.985 정보 [main] org.apache.catalina.startup.HostConfig.deployDirectory 웹 애플리케이션 디렉토리 [/Users/ksy/Desktop/KIC_JAVA_PRAC/apache-tomcat-9.0.74/webapps/docs]에 대한 배치가 [101] 밀리초에 완료되었습니다.
02-May-2023 10:51:24.985 정보 [main] org.apache.catalina.startup.HostConfig.deployDirectory 웹 애플리케이션 디렉토리 [/Users/ksy/Desktop/KIC_JAVA_PRAC/apache-tomcat-9.0.74/webapps/manager]을(를) 배치합니다.
02-May-2023 10:51:24.999 정보 [main] org.apache.catalina.startup.HostConfig.deployDirectory 웹 애플리케이션 디렉토리 [/Users/ksy/Desktop/KIC_JAVA_PRAC/apache-tomcat-9.0.74/webapps/manager]에 대한 배치가 [14] 밀리초에 완료되었습니다.
02-May-2023 10:51:24.999 정보 [main] org.apache.catalina.startup.HostConfig.deployDirectory 웹 애플리케이션 디렉토리 [/Users/ksy/Desktop/KIC_JAVA_PRAC/apache-tomcat-9.0.74/webapps/examples]을(를) 배치합니다.
02-May-2023 10:51:25.086 정보 [main] org.apache.catalina.startup.HostConfig.deployDirectory 웹 애플리케이션 디렉토리 [/Users/ksy/Desktop/KIC_JAVA_PRAC/apache-tomcat-9.0.74/webapps/examples]에 대한 배치가 [87] 밀리초에 완료되었습니다.
02-May-2023 10:51:25.086 정보 [main] org.apache.catalina.startup.HostConfig.deployDirectory 웹 애플리케이션 디렉토리 [/Users/ksy/Desktop/KIC_JAVA_PRAC/apache-tomcat-9.0.74/webapps/ROOT]을(를) 배치합니다.
02-May-2023 10:51:25.092 정보 [main] org.apache.catalina.startup.HostConfig.deployDirectory 웹 애플리케이션 디렉토리 [/Users/ksy/Desktop/KIC_JAVA_PRAC/apache-tomcat-9.0.74/webapps/ROOT]에 대한 배치가 [6] 밀리초에 완료되었습니다.
02-May-2023 10:51:25.092 정보 [main] org.apache.catalina.startup.HostConfig.deployDirectory 웹 애플리케이션 디렉토리 [/Users/ksy/Desktop/KIC_JAVA_PRAC/apache-tomcat-9.0.74/webapps/host-manager]을(를) 배치합니다.
02-May-2023 10:51:25.100 정보 [main] org.apache.catalina.startup.HostConfig.deployDirectory 웹 애플리케이션 디렉토리 [/Users/ksy/Desktop/KIC_JAVA_PRAC/apache-tomcat-9.0.74/webapps/host-manager]에 대한 배치가 [8] 밀리초에 완료되었습니다.
02-May-2023 10:51:25.100 정보 [main] org.apache.catalina.startup.HostConfig.deployDirectory 웹 애플리케이션 디렉토리 [/Users/ksy/Desktop/KIC_JAVA_PRAC/apache-tomcat-9.0.74/webapps/website1]을(를) 배치합니다.
02-May-2023 10:51:25.154 정보 [main] org.apache.jasper.servlet.TldScanner.scanJars 적어도 하나의 JAR가 TLD들을 찾기 위해 스캔되었으나 아무 것도 찾지 못했습니다. 스캔했으나 TLD가 없는 JAR들의 전체 목록을 보시려면, 로그 레벨을 디버그 레벨로 설정하십시오. 스캔 과정에서 불필요한 JAR들을 건너뛰면, 시스템 시작 시간과 JSP 컴파일 시간을 단축시킬 수 있습니다.
02-May-2023 10:51:25.161 정보 [main] org.apache.catalina.startup.HostConfig.deployDirectory 웹 애플리케이션 디렉토리 [/Users/ksy/Desktop/KIC_JAVA_PRAC/apache-tomcat-9.0.74/webapps/website1]에 대한 배치가 [61] 밀리초에 완료되었습니다.
02-May-2023 10:51:25.162 정보 [main] org.apache.coyote.AbstractProtocol.start 프로토콜 핸들러 ["http-nio-8080"]을(를) 시작합니다.
02-May-2023 10:51:25.167 정보 [main] org.apache.catalina.startup.Catalina.start 서버가 [300] 밀리초 내에 시작되었습니다.
02-May-2023 10:54:20.535 정보 [main] org.apache.catalina.core.StandardServer.await 셧다운 포트를 통해 유효한 셧다운 명령을 받았습니다. 서버 인스턴스를 중지시킵니다.
02-May-2023 10:54:20.535 정보 [main] org.apache.coyote.AbstractProtocol.pause 프로토콜 핸들러 ["http-nio-8080"]을(를) 일시 정지 중
02-May-2023 10:54:20.536 정보 [main] org.apache.catalina.core.StandardService.stopInternal 서비스 [Catalina]을(를) 중지시킵니다.
02-May-2023 10:54:20.546 경고 [main] org.apache.catalina.loader.WebappClassLoaderBase.clearReferencesJdbc 웹 애플리케이션 [website1]이(가) JDBC 드라이버 [org.mariadb.jdbc.Driver]을(를) 등록했지만, 웹 애플리케이션이 중지될 때, 해당 JDBC 드라이버의 등록을 제거하지 못했습니다. 메모리 누수를 방지하기 위하여, 등록을 강제로 제거했습니다.
02-May-2023 10:54:20.548 정보 [main] org.apache.coyote.AbstractProtocol.stop 프로토콜 핸들러 ["http-nio-8080"]을(를) 중지시킵니다.
02-May-2023 10:54:20.561 정보 [main] org.apache.coyote.AbstractProtocol.destroy 프로토콜 핸들러 ["http-nio-8080"]을(를) 소멸시킵니다.
