21-Apr-2023 10:31:23.945 정보 [main] org.apache.catalina.startup.VersionLoggerListener.log 서버 버전 이름:    Apache Tomcat/9.0.74
21-Apr-2023 10:31:23.947 정보 [main] org.apache.catalina.startup.VersionLoggerListener.log Server 빌드 시각:  Apr 13 2023 08:10:39 UTC
21-Apr-2023 10:31:23.947 정보 [main] org.apache.catalina.startup.VersionLoggerListener.log Server 버전 번호:  9.0.74.0
21-Apr-2023 10:31:23.947 정보 [main] org.apache.catalina.startup.VersionLoggerListener.log 운영체제 이름:     Mac OS X
21-Apr-2023 10:31:23.947 정보 [main] org.apache.catalina.startup.VersionLoggerListener.log 운영체제 버전:     13.3.1
21-Apr-2023 10:31:23.947 정보 [main] org.apache.catalina.startup.VersionLoggerListener.log 아키텍처:          aarch64
21-Apr-2023 10:31:23.947 정보 [main] org.apache.catalina.startup.VersionLoggerListener.log 자바 홈:           /Library/Java/JavaVirtualMachines/zulu-17.jdk/Contents/Home
21-Apr-2023 10:31:23.947 정보 [main] org.apache.catalina.startup.VersionLoggerListener.log JVM 버전:          17.0.6+10-LTS
21-Apr-2023 10:31:23.948 정보 [main] org.apache.catalina.startup.VersionLoggerListener.log JVM 벤더:          Azul Systems, Inc.
21-Apr-2023 10:31:23.948 정보 [main] org.apache.catalina.startup.VersionLoggerListener.log CATALINA_BASE:     /Users/ksy/Desktop/KIC_JAVA_PRAC/apache-tomcat-9.0.74
21-Apr-2023 10:31:23.948 정보 [main] org.apache.catalina.startup.VersionLoggerListener.log CATALINA_HOME:     /Users/ksy/Desktop/KIC_JAVA_PRAC/apache-tomcat-9.0.74
21-Apr-2023 10:31:23.994 정보 [main] org.apache.catalina.startup.VersionLoggerListener.log 명령 행 아규먼트:  --add-opens=java.base/java.lang=ALL-UNNAMED
21-Apr-2023 10:31:23.994 정보 [main] org.apache.catalina.startup.VersionLoggerListener.log 명령 행 아규먼트:  --add-opens=java.base/java.io=ALL-UNNAMED
21-Apr-2023 10:31:23.994 정보 [main] org.apache.catalina.startup.VersionLoggerListener.log 명령 행 아규먼트:  --add-opens=java.base/java.util=ALL-UNNAMED
21-Apr-2023 10:31:23.994 정보 [main] org.apache.catalina.startup.VersionLoggerListener.log 명령 행 아규먼트:  --add-opens=java.base/java.util.concurrent=ALL-UNNAMED
21-Apr-2023 10:31:23.994 정보 [main] org.apache.catalina.startup.VersionLoggerListener.log 명령 행 아규먼트:  --add-opens=java.rmi/sun.rmi.transport=ALL-UNNAMED
21-Apr-2023 10:31:23.994 정보 [main] org.apache.catalina.startup.VersionLoggerListener.log 명령 행 아규먼트:  -Djava.util.logging.config.file=/Users/ksy/Desktop/KIC_JAVA_PRAC/apache-tomcat-9.0.74/conf/logging.properties
21-Apr-2023 10:31:23.994 정보 [main] org.apache.catalina.startup.VersionLoggerListener.log 명령 행 아규먼트:  -Djava.util.logging.manager=org.apache.juli.ClassLoaderLogManager
21-Apr-2023 10:31:23.994 정보 [main] org.apache.catalina.startup.VersionLoggerListener.log 명령 행 아규먼트:  -Djdk.tls.ephemeralDHKeySize=2048
21-Apr-2023 10:31:23.994 정보 [main] org.apache.catalina.startup.VersionLoggerListener.log 명령 행 아규먼트:  -Djava.protocol.handler.pkgs=org.apache.catalina.webresources
21-Apr-2023 10:31:23.994 정보 [main] org.apache.catalina.startup.VersionLoggerListener.log 명령 행 아규먼트:  -Dorg.apache.catalina.security.SecurityListener.UMASK=0027
21-Apr-2023 10:31:23.994 정보 [main] org.apache.catalina.startup.VersionLoggerListener.log 명령 행 아규먼트:  -Dignore.endorsed.dirs=
21-Apr-2023 10:31:23.994 정보 [main] org.apache.catalina.startup.VersionLoggerListener.log 명령 행 아규먼트:  -Dcatalina.base=/Users/ksy/Desktop/KIC_JAVA_PRAC/apache-tomcat-9.0.74
21-Apr-2023 10:31:23.994 정보 [main] org.apache.catalina.startup.VersionLoggerListener.log 명령 행 아규먼트:  -Dcatalina.home=/Users/ksy/Desktop/KIC_JAVA_PRAC/apache-tomcat-9.0.74
21-Apr-2023 10:31:23.994 정보 [main] org.apache.catalina.startup.VersionLoggerListener.log 명령 행 아규먼트:  -Djava.io.tmpdir=/Users/ksy/Desktop/KIC_JAVA_PRAC/apache-tomcat-9.0.74/temp
21-Apr-2023 10:31:23.998 정보 [main] org.apache.catalina.core.AprLifecycleListener.lifecycleEvent 프로덕션 환경들에서 최적의 성능을 제공하는, APR 기반 Apache Tomcat Native 라이브러리가, 다음 java.library.path에서 발견되지 않습니다: [/Users/ksy/Library/Java/Extensions:/Library/Java/Extensions:/Network/Library/Java/Extensions:/System/Library/Java/Extensions:/usr/lib/java:.]
21-Apr-2023 10:31:24.118 정보 [main] org.apache.coyote.AbstractProtocol.init 프로토콜 핸들러 ["http-nio-8080"]을(를) 초기화합니다.
21-Apr-2023 10:31:24.150 정보 [main] org.apache.catalina.startup.Catalina.load [296] 밀리초 내에 서버가 초기화되었습니다.
21-Apr-2023 10:31:24.166 정보 [main] org.apache.catalina.core.StandardService.startInternal 서비스 [Catalina]을(를) 시작합니다.
21-Apr-2023 10:31:24.166 정보 [main] org.apache.catalina.core.StandardEngine.startInternal 서버 엔진을 시작합니다: [Apache Tomcat/9.0.74]
21-Apr-2023 10:31:24.169 정보 [main] org.apache.catalina.startup.HostConfig.deployDirectory 웹 애플리케이션 디렉토리 [/Users/ksy/Desktop/KIC_JAVA_PRAC/apache-tomcat-9.0.74/webapps/docs]을(를) 배치합니다.
21-Apr-2023 10:31:24.285 정보 [main] org.apache.catalina.startup.HostConfig.deployDirectory 웹 애플리케이션 디렉토리 [/Users/ksy/Desktop/KIC_JAVA_PRAC/apache-tomcat-9.0.74/webapps/docs]에 대한 배치가 [115] 밀리초에 완료되었습니다.
21-Apr-2023 10:31:24.285 정보 [main] org.apache.catalina.startup.HostConfig.deployDirectory 웹 애플리케이션 디렉토리 [/Users/ksy/Desktop/KIC_JAVA_PRAC/apache-tomcat-9.0.74/webapps/manager]을(를) 배치합니다.
21-Apr-2023 10:31:24.299 정보 [main] org.apache.catalina.startup.HostConfig.deployDirectory 웹 애플리케이션 디렉토리 [/Users/ksy/Desktop/KIC_JAVA_PRAC/apache-tomcat-9.0.74/webapps/manager]에 대한 배치가 [14] 밀리초에 완료되었습니다.
21-Apr-2023 10:31:24.299 정보 [main] org.apache.catalina.startup.HostConfig.deployDirectory 웹 애플리케이션 디렉토리 [/Users/ksy/Desktop/KIC_JAVA_PRAC/apache-tomcat-9.0.74/webapps/examples]을(를) 배치합니다.
21-Apr-2023 10:31:24.387 정보 [main] org.apache.catalina.startup.HostConfig.deployDirectory 웹 애플리케이션 디렉토리 [/Users/ksy/Desktop/KIC_JAVA_PRAC/apache-tomcat-9.0.74/webapps/examples]에 대한 배치가 [88] 밀리초에 완료되었습니다.
21-Apr-2023 10:31:24.387 정보 [main] org.apache.catalina.startup.HostConfig.deployDirectory 웹 애플리케이션 디렉토리 [/Users/ksy/Desktop/KIC_JAVA_PRAC/apache-tomcat-9.0.74/webapps/ROOT]을(를) 배치합니다.
21-Apr-2023 10:31:24.393 정보 [main] org.apache.catalina.startup.HostConfig.deployDirectory 웹 애플리케이션 디렉토리 [/Users/ksy/Desktop/KIC_JAVA_PRAC/apache-tomcat-9.0.74/webapps/ROOT]에 대한 배치가 [6] 밀리초에 완료되었습니다.
21-Apr-2023 10:31:24.393 정보 [main] org.apache.catalina.startup.HostConfig.deployDirectory 웹 애플리케이션 디렉토리 [/Users/ksy/Desktop/KIC_JAVA_PRAC/apache-tomcat-9.0.74/webapps/host-manager]을(를) 배치합니다.
21-Apr-2023 10:31:24.401 정보 [main] org.apache.catalina.startup.HostConfig.deployDirectory 웹 애플리케이션 디렉토리 [/Users/ksy/Desktop/KIC_JAVA_PRAC/apache-tomcat-9.0.74/webapps/host-manager]에 대한 배치가 [8] 밀리초에 완료되었습니다.
21-Apr-2023 10:31:24.402 정보 [main] org.apache.coyote.AbstractProtocol.start 프로토콜 핸들러 ["http-nio-8080"]을(를) 시작합니다.
21-Apr-2023 10:31:24.408 정보 [main] org.apache.catalina.startup.Catalina.start 서버가 [257] 밀리초 내에 시작되었습니다.
21-Apr-2023 10:45:30.975 정보 [main] org.apache.catalina.startup.VersionLoggerListener.log 서버 버전 이름:    Apache Tomcat/9.0.74
21-Apr-2023 10:45:30.976 정보 [main] org.apache.catalina.startup.VersionLoggerListener.log Server 빌드 시각:  Apr 13 2023 08:10:39 UTC
21-Apr-2023 10:45:30.976 정보 [main] org.apache.catalina.startup.VersionLoggerListener.log Server 버전 번호:  9.0.74.0
21-Apr-2023 10:45:30.977 정보 [main] org.apache.catalina.startup.VersionLoggerListener.log 운영체제 이름:     Mac OS X
21-Apr-2023 10:45:30.977 정보 [main] org.apache.catalina.startup.VersionLoggerListener.log 운영체제 버전:     13.3.1
21-Apr-2023 10:45:30.977 정보 [main] org.apache.catalina.startup.VersionLoggerListener.log 아키텍처:          aarch64
21-Apr-2023 10:45:30.977 정보 [main] org.apache.catalina.startup.VersionLoggerListener.log 자바 홈:           /Library/Java/JavaVirtualMachines/zulu-17.jdk/Contents/Home
21-Apr-2023 10:45:30.977 정보 [main] org.apache.catalina.startup.VersionLoggerListener.log JVM 버전:          17.0.6+10-LTS
21-Apr-2023 10:45:30.977 정보 [main] org.apache.catalina.startup.VersionLoggerListener.log JVM 벤더:          Azul Systems, Inc.
21-Apr-2023 10:45:30.977 정보 [main] org.apache.catalina.startup.VersionLoggerListener.log CATALINA_BASE:     /Users/ksy/Desktop/KIC_JAVA_PRAC/apache-tomcat-9.0.74
21-Apr-2023 10:45:30.977 정보 [main] org.apache.catalina.startup.VersionLoggerListener.log CATALINA_HOME:     /Users/ksy/Desktop/KIC_JAVA_PRAC/apache-tomcat-9.0.74
21-Apr-2023 10:45:30.981 정보 [main] org.apache.catalina.startup.VersionLoggerListener.log 명령 행 아규먼트:  --add-opens=java.base/java.lang=ALL-UNNAMED
21-Apr-2023 10:45:30.981 정보 [main] org.apache.catalina.startup.VersionLoggerListener.log 명령 행 아규먼트:  --add-opens=java.base/java.io=ALL-UNNAMED
21-Apr-2023 10:45:30.981 정보 [main] org.apache.catalina.startup.VersionLoggerListener.log 명령 행 아규먼트:  --add-opens=java.base/java.util=ALL-UNNAMED
21-Apr-2023 10:45:30.981 정보 [main] org.apache.catalina.startup.VersionLoggerListener.log 명령 행 아규먼트:  --add-opens=java.base/java.util.concurrent=ALL-UNNAMED
21-Apr-2023 10:45:30.982 정보 [main] org.apache.catalina.startup.VersionLoggerListener.log 명령 행 아규먼트:  --add-opens=java.rmi/sun.rmi.transport=ALL-UNNAMED
21-Apr-2023 10:45:30.982 정보 [main] org.apache.catalina.startup.VersionLoggerListener.log 명령 행 아규먼트:  -Djava.util.logging.config.file=/Users/ksy/Desktop/KIC_JAVA_PRAC/apache-tomcat-9.0.74/conf/logging.properties
21-Apr-2023 10:45:30.982 정보 [main] org.apache.catalina.startup.VersionLoggerListener.log 명령 행 아규먼트:  -Djava.util.logging.manager=org.apache.juli.ClassLoaderLogManager
21-Apr-2023 10:45:30.982 정보 [main] org.apache.catalina.startup.VersionLoggerListener.log 명령 행 아규먼트:  -Djdk.tls.ephemeralDHKeySize=2048
21-Apr-2023 10:45:30.982 정보 [main] org.apache.catalina.startup.VersionLoggerListener.log 명령 행 아규먼트:  -Djava.protocol.handler.pkgs=org.apache.catalina.webresources
21-Apr-2023 10:45:30.982 정보 [main] org.apache.catalina.startup.VersionLoggerListener.log 명령 행 아규먼트:  -Dorg.apache.catalina.security.SecurityListener.UMASK=0027
21-Apr-2023 10:45:30.982 정보 [main] org.apache.catalina.startup.VersionLoggerListener.log 명령 행 아규먼트:  -Dignore.endorsed.dirs=
21-Apr-2023 10:45:30.982 정보 [main] org.apache.catalina.startup.VersionLoggerListener.log 명령 행 아규먼트:  -Dcatalina.base=/Users/ksy/Desktop/KIC_JAVA_PRAC/apache-tomcat-9.0.74
21-Apr-2023 10:45:30.982 정보 [main] org.apache.catalina.startup.VersionLoggerListener.log 명령 행 아규먼트:  -Dcatalina.home=/Users/ksy/Desktop/KIC_JAVA_PRAC/apache-tomcat-9.0.74
21-Apr-2023 10:45:30.982 정보 [main] org.apache.catalina.startup.VersionLoggerListener.log 명령 행 아규먼트:  -Djava.io.tmpdir=/Users/ksy/Desktop/KIC_JAVA_PRAC/apache-tomcat-9.0.74/temp
21-Apr-2023 10:45:30.986 정보 [main] org.apache.catalina.core.AprLifecycleListener.lifecycleEvent 프로덕션 환경들에서 최적의 성능을 제공하는, APR 기반 Apache Tomcat Native 라이브러리가, 다음 java.library.path에서 발견되지 않습니다: [/Users/ksy/Library/Java/Extensions:/Library/Java/Extensions:/Network/Library/Java/Extensions:/System/Library/Java/Extensions:/usr/lib/java:.]
21-Apr-2023 10:45:31.092 정보 [main] org.apache.coyote.AbstractProtocol.init 프로토콜 핸들러 ["http-nio-8080"]을(를) 초기화합니다.
21-Apr-2023 10:45:31.100 심각 [main] org.apache.catalina.util.LifecycleBase.handleSubClassException 구성요소 [Connector[HTTP/1.1-8080]]을(를) 초기화하지 못했습니다.
	org.apache.catalina.LifecycleException: 프로토콜 핸들러 초기화가 실패했습니다.
		at org.apache.catalina.connector.Connector.initInternal(Connector.java:1014)
		at org.apache.catalina.util.LifecycleBase.init(LifecycleBase.java:136)
		at org.apache.catalina.core.StandardService.initInternal(StandardService.java:549)
		at org.apache.catalina.util.LifecycleBase.init(LifecycleBase.java:136)
		at org.apache.catalina.core.StandardServer.initInternal(StandardServer.java:1032)
		at org.apache.catalina.util.LifecycleBase.init(LifecycleBase.java:136)
		at org.apache.catalina.startup.Catalina.load(Catalina.java:724)
		at org.apache.catalina.startup.Catalina.load(Catalina.java:746)
		at java.base/jdk.internal.reflect.NativeMethodAccessorImpl.invoke0(Native Method)
		at java.base/jdk.internal.reflect.NativeMethodAccessorImpl.invoke(NativeMethodAccessorImpl.java:77)
		at java.base/jdk.internal.reflect.DelegatingMethodAccessorImpl.invoke(DelegatingMethodAccessorImpl.java:43)
		at java.base/java.lang.reflect.Method.invoke(Method.java:568)
		at org.apache.catalina.startup.Bootstrap.load(Bootstrap.java:307)
		at org.apache.catalina.startup.Bootstrap.main(Bootstrap.java:477)
	Caused by: java.net.BindException: Address already in use
		at java.base/sun.nio.ch.Net.bind0(Native Method)
		at java.base/sun.nio.ch.Net.bind(Net.java:555)
		at java.base/sun.nio.ch.ServerSocketChannelImpl.netBind(ServerSocketChannelImpl.java:337)
		at java.base/sun.nio.ch.ServerSocketChannelImpl.bind(ServerSocketChannelImpl.java:294)
		at org.apache.tomcat.util.net.NioEndpoint.initServerSocket(NioEndpoint.java:276)
		at org.apache.tomcat.util.net.NioEndpoint.bind(NioEndpoint.java:231)
		at org.apache.tomcat.util.net.AbstractEndpoint.bindWithCleanup(AbstractEndpoint.java:1302)
		at org.apache.tomcat.util.net.AbstractEndpoint.init(AbstractEndpoint.java:1315)
		at org.apache.coyote.AbstractProtocol.init(AbstractProtocol.java:652)
		at org.apache.coyote.http11.AbstractHttp11Protocol.init(AbstractHttp11Protocol.java:75)
		at org.apache.catalina.connector.Connector.initInternal(Connector.java:1012)
		... 13 more
21-Apr-2023 10:45:31.101 정보 [main] org.apache.catalina.startup.Catalina.load [212] 밀리초 내에 서버가 초기화되었습니다.
21-Apr-2023 10:45:31.113 정보 [main] org.apache.catalina.core.StandardService.startInternal 서비스 [Catalina]을(를) 시작합니다.
21-Apr-2023 10:45:31.113 정보 [main] org.apache.catalina.core.StandardEngine.startInternal 서버 엔진을 시작합니다: [Apache Tomcat/9.0.74]
21-Apr-2023 10:45:31.116 정보 [main] org.apache.catalina.startup.HostConfig.deployDirectory 웹 애플리케이션 디렉토리 [/Users/ksy/Desktop/KIC_JAVA_PRAC/apache-tomcat-9.0.74/webapps/docs]을(를) 배치합니다.
21-Apr-2023 10:45:31.215 정보 [main] org.apache.catalina.startup.HostConfig.deployDirectory 웹 애플리케이션 디렉토리 [/Users/ksy/Desktop/KIC_JAVA_PRAC/apache-tomcat-9.0.74/webapps/docs]에 대한 배치가 [98] 밀리초에 완료되었습니다.
21-Apr-2023 10:45:31.215 정보 [main] org.apache.catalina.startup.HostConfig.deployDirectory 웹 애플리케이션 디렉토리 [/Users/ksy/Desktop/KIC_JAVA_PRAC/apache-tomcat-9.0.74/webapps/manager]을(를) 배치합니다.
21-Apr-2023 10:45:31.228 정보 [main] org.apache.catalina.startup.HostConfig.deployDirectory 웹 애플리케이션 디렉토리 [/Users/ksy/Desktop/KIC_JAVA_PRAC/apache-tomcat-9.0.74/webapps/manager]에 대한 배치가 [13] 밀리초에 완료되었습니다.
21-Apr-2023 10:45:31.228 정보 [main] org.apache.catalina.startup.HostConfig.deployDirectory 웹 애플리케이션 디렉토리 [/Users/ksy/Desktop/KIC_JAVA_PRAC/apache-tomcat-9.0.74/webapps/examples]을(를) 배치합니다.
21-Apr-2023 10:45:31.310 정보 [main] org.apache.catalina.startup.HostConfig.deployDirectory 웹 애플리케이션 디렉토리 [/Users/ksy/Desktop/KIC_JAVA_PRAC/apache-tomcat-9.0.74/webapps/examples]에 대한 배치가 [82] 밀리초에 완료되었습니다.
21-Apr-2023 10:45:31.310 정보 [main] org.apache.catalina.startup.HostConfig.deployDirectory 웹 애플리케이션 디렉토리 [/Users/ksy/Desktop/KIC_JAVA_PRAC/apache-tomcat-9.0.74/webapps/ROOT]을(를) 배치합니다.
21-Apr-2023 10:45:31.316 정보 [main] org.apache.catalina.startup.HostConfig.deployDirectory 웹 애플리케이션 디렉토리 [/Users/ksy/Desktop/KIC_JAVA_PRAC/apache-tomcat-9.0.74/webapps/ROOT]에 대한 배치가 [6] 밀리초에 완료되었습니다.
21-Apr-2023 10:45:31.316 정보 [main] org.apache.catalina.startup.HostConfig.deployDirectory 웹 애플리케이션 디렉토리 [/Users/ksy/Desktop/KIC_JAVA_PRAC/apache-tomcat-9.0.74/webapps/host-manager]을(를) 배치합니다.
21-Apr-2023 10:45:31.323 정보 [main] org.apache.catalina.startup.HostConfig.deployDirectory 웹 애플리케이션 디렉토리 [/Users/ksy/Desktop/KIC_JAVA_PRAC/apache-tomcat-9.0.74/webapps/host-manager]에 대한 배치가 [7] 밀리초에 완료되었습니다.
21-Apr-2023 10:45:31.324 정보 [main] org.apache.catalina.startup.Catalina.start 서버가 [223] 밀리초 내에 시작되었습니다.
21-Apr-2023 10:45:31.327 심각 [main] org.apache.catalina.core.StandardServer.await 주소 [localhost]와(과) 포트 [8005]에, 서버 셧다운 소켓을 생성하지 못했습니다. (base 포트 [8005], offset [0])
	java.net.BindException: Address already in use
		at java.base/sun.nio.ch.Net.bind0(Native Method)
		at java.base/sun.nio.ch.Net.bind(Net.java:555)
		at java.base/sun.nio.ch.Net.bind(Net.java:544)
		at java.base/sun.nio.ch.NioSocketImpl.bind(NioSocketImpl.java:643)
		at java.base/java.net.ServerSocket.bind(ServerSocket.java:393)
		at java.base/java.net.ServerSocket.<init>(ServerSocket.java:279)
		at org.apache.catalina.core.StandardServer.await(StandardServer.java:580)
		at org.apache.catalina.startup.Catalina.await(Catalina.java:864)
		at org.apache.catalina.startup.Catalina.start(Catalina.java:810)
		at java.base/jdk.internal.reflect.NativeMethodAccessorImpl.invoke0(Native Method)
		at java.base/jdk.internal.reflect.NativeMethodAccessorImpl.invoke(NativeMethodAccessorImpl.java:77)
		at java.base/jdk.internal.reflect.DelegatingMethodAccessorImpl.invoke(DelegatingMethodAccessorImpl.java:43)
		at java.base/java.lang.reflect.Method.invoke(Method.java:568)
		at org.apache.catalina.startup.Bootstrap.start(Bootstrap.java:347)
		at org.apache.catalina.startup.Bootstrap.main(Bootstrap.java:478)
21-Apr-2023 10:45:31.327 정보 [main] org.apache.coyote.AbstractProtocol.pause 프로토콜 핸들러 ["http-nio-8080"]을(를) 일시 정지 중
21-Apr-2023 10:45:31.327 정보 [main] org.apache.catalina.core.StandardService.stopInternal 서비스 [Catalina]을(를) 중지시킵니다.
21-Apr-2023 10:45:31.335 정보 [main] org.apache.coyote.AbstractProtocol.stop 프로토콜 핸들러 ["http-nio-8080"]을(를) 중지시킵니다.
21-Apr-2023 10:45:31.336 정보 [main] org.apache.coyote.AbstractProtocol.destroy 프로토콜 핸들러 ["http-nio-8080"]을(를) 소멸시킵니다.
21-Apr-2023 12:27:26.985 정보 [main] org.apache.catalina.core.StandardServer.await 셧다운 포트를 통해 유효한 셧다운 명령을 받았습니다. 서버 인스턴스를 중지시킵니다.
21-Apr-2023 12:27:26.985 정보 [main] org.apache.coyote.AbstractProtocol.pause 프로토콜 핸들러 ["http-nio-8080"]을(를) 일시 정지 중
21-Apr-2023 12:27:26.987 정보 [main] org.apache.catalina.core.StandardService.stopInternal 서비스 [Catalina]을(를) 중지시킵니다.
21-Apr-2023 12:27:27.001 정보 [main] org.apache.coyote.AbstractProtocol.stop 프로토콜 핸들러 ["http-nio-8080"]을(를) 중지시킵니다.
21-Apr-2023 12:27:27.013 정보 [main] org.apache.coyote.AbstractProtocol.destroy 프로토콜 핸들러 ["http-nio-8080"]을(를) 소멸시킵니다.
21-Apr-2023 12:32:34.897 정보 [main] org.apache.catalina.startup.VersionLoggerListener.log 서버 버전 이름:    Apache Tomcat/9.0.74
21-Apr-2023 12:32:34.898 정보 [main] org.apache.catalina.startup.VersionLoggerListener.log Server 빌드 시각:  Apr 13 2023 08:10:39 UTC
21-Apr-2023 12:32:34.898 정보 [main] org.apache.catalina.startup.VersionLoggerListener.log Server 버전 번호:  9.0.74.0
21-Apr-2023 12:32:34.898 정보 [main] org.apache.catalina.startup.VersionLoggerListener.log 운영체제 이름:     Mac OS X
21-Apr-2023 12:32:34.898 정보 [main] org.apache.catalina.startup.VersionLoggerListener.log 운영체제 버전:     13.3.1
21-Apr-2023 12:32:34.898 정보 [main] org.apache.catalina.startup.VersionLoggerListener.log 아키텍처:          aarch64
21-Apr-2023 12:32:34.898 정보 [main] org.apache.catalina.startup.VersionLoggerListener.log 자바 홈:           /Library/Java/JavaVirtualMachines/zulu-17.jdk/Contents/Home
21-Apr-2023 12:32:34.899 정보 [main] org.apache.catalina.startup.VersionLoggerListener.log JVM 버전:          17.0.6+10-LTS
21-Apr-2023 12:32:34.899 정보 [main] org.apache.catalina.startup.VersionLoggerListener.log JVM 벤더:          Azul Systems, Inc.
21-Apr-2023 12:32:34.899 정보 [main] org.apache.catalina.startup.VersionLoggerListener.log CATALINA_BASE:     /Users/ksy/Desktop/KIC_JAVA_PRAC/apache-tomcat-9.0.74
21-Apr-2023 12:32:34.899 정보 [main] org.apache.catalina.startup.VersionLoggerListener.log CATALINA_HOME:     /Users/ksy/Desktop/KIC_JAVA_PRAC/apache-tomcat-9.0.74
21-Apr-2023 12:32:34.903 정보 [main] org.apache.catalina.startup.VersionLoggerListener.log 명령 행 아규먼트:  --add-opens=java.base/java.lang=ALL-UNNAMED
21-Apr-2023 12:32:34.903 정보 [main] org.apache.catalina.startup.VersionLoggerListener.log 명령 행 아규먼트:  --add-opens=java.base/java.io=ALL-UNNAMED
21-Apr-2023 12:32:34.903 정보 [main] org.apache.catalina.startup.VersionLoggerListener.log 명령 행 아규먼트:  --add-opens=java.base/java.util=ALL-UNNAMED
21-Apr-2023 12:32:34.903 정보 [main] org.apache.catalina.startup.VersionLoggerListener.log 명령 행 아규먼트:  --add-opens=java.base/java.util.concurrent=ALL-UNNAMED
21-Apr-2023 12:32:34.903 정보 [main] org.apache.catalina.startup.VersionLoggerListener.log 명령 행 아규먼트:  --add-opens=java.rmi/sun.rmi.transport=ALL-UNNAMED
21-Apr-2023 12:32:34.903 정보 [main] org.apache.catalina.startup.VersionLoggerListener.log 명령 행 아규먼트:  -Djava.util.logging.config.file=/Users/ksy/Desktop/KIC_JAVA_PRAC/apache-tomcat-9.0.74/conf/logging.properties
21-Apr-2023 12:32:34.903 정보 [main] org.apache.catalina.startup.VersionLoggerListener.log 명령 행 아규먼트:  -Djava.util.logging.manager=org.apache.juli.ClassLoaderLogManager
21-Apr-2023 12:32:34.904 정보 [main] org.apache.catalina.startup.VersionLoggerListener.log 명령 행 아규먼트:  -Djdk.tls.ephemeralDHKeySize=2048
21-Apr-2023 12:32:34.904 정보 [main] org.apache.catalina.startup.VersionLoggerListener.log 명령 행 아규먼트:  -Djava.protocol.handler.pkgs=org.apache.catalina.webresources
21-Apr-2023 12:32:34.904 정보 [main] org.apache.catalina.startup.VersionLoggerListener.log 명령 행 아규먼트:  -Dorg.apache.catalina.security.SecurityListener.UMASK=0027
21-Apr-2023 12:32:34.904 정보 [main] org.apache.catalina.startup.VersionLoggerListener.log 명령 행 아규먼트:  -Dignore.endorsed.dirs=
21-Apr-2023 12:32:34.904 정보 [main] org.apache.catalina.startup.VersionLoggerListener.log 명령 행 아규먼트:  -Dcatalina.base=/Users/ksy/Desktop/KIC_JAVA_PRAC/apache-tomcat-9.0.74
21-Apr-2023 12:32:34.904 정보 [main] org.apache.catalina.startup.VersionLoggerListener.log 명령 행 아규먼트:  -Dcatalina.home=/Users/ksy/Desktop/KIC_JAVA_PRAC/apache-tomcat-9.0.74
21-Apr-2023 12:32:34.904 정보 [main] org.apache.catalina.startup.VersionLoggerListener.log 명령 행 아규먼트:  -Djava.io.tmpdir=/Users/ksy/Desktop/KIC_JAVA_PRAC/apache-tomcat-9.0.74/temp
21-Apr-2023 12:32:34.907 정보 [main] org.apache.catalina.core.AprLifecycleListener.lifecycleEvent 프로덕션 환경들에서 최적의 성능을 제공하는, APR 기반 Apache Tomcat Native 라이브러리가, 다음 java.library.path에서 발견되지 않습니다: [/Users/ksy/Library/Java/Extensions:/Library/Java/Extensions:/Network/Library/Java/Extensions:/System/Library/Java/Extensions:/usr/lib/java:.]
21-Apr-2023 12:32:35.016 정보 [main] org.apache.coyote.AbstractProtocol.init 프로토콜 핸들러 ["http-nio-8080"]을(를) 초기화합니다.
21-Apr-2023 12:32:35.026 정보 [main] org.apache.catalina.startup.Catalina.load [211] 밀리초 내에 서버가 초기화되었습니다.
21-Apr-2023 12:32:35.039 정보 [main] org.apache.catalina.core.StandardService.startInternal 서비스 [Catalina]을(를) 시작합니다.
21-Apr-2023 12:32:35.039 정보 [main] org.apache.catalina.core.StandardEngine.startInternal 서버 엔진을 시작합니다: [Apache Tomcat/9.0.74]
21-Apr-2023 12:32:35.042 정보 [main] org.apache.catalina.startup.HostConfig.deployDirectory 웹 애플리케이션 디렉토리 [/Users/ksy/Desktop/KIC_JAVA_PRAC/apache-tomcat-9.0.74/webapps/docs]을(를) 배치합니다.
21-Apr-2023 12:32:35.137 정보 [main] org.apache.catalina.startup.HostConfig.deployDirectory 웹 애플리케이션 디렉토리 [/Users/ksy/Desktop/KIC_JAVA_PRAC/apache-tomcat-9.0.74/webapps/docs]에 대한 배치가 [94] 밀리초에 완료되었습니다.
21-Apr-2023 12:32:35.137 정보 [main] org.apache.catalina.startup.HostConfig.deployDirectory 웹 애플리케이션 디렉토리 [/Users/ksy/Desktop/KIC_JAVA_PRAC/apache-tomcat-9.0.74/webapps/manager]을(를) 배치합니다.
21-Apr-2023 12:32:35.151 정보 [main] org.apache.catalina.startup.HostConfig.deployDirectory 웹 애플리케이션 디렉토리 [/Users/ksy/Desktop/KIC_JAVA_PRAC/apache-tomcat-9.0.74/webapps/manager]에 대한 배치가 [14] 밀리초에 완료되었습니다.
21-Apr-2023 12:32:35.152 정보 [main] org.apache.catalina.startup.HostConfig.deployDirectory 웹 애플리케이션 디렉토리 [/Users/ksy/Desktop/KIC_JAVA_PRAC/apache-tomcat-9.0.74/webapps/examples]을(를) 배치합니다.
21-Apr-2023 12:32:35.235 정보 [main] org.apache.catalina.startup.HostConfig.deployDirectory 웹 애플리케이션 디렉토리 [/Users/ksy/Desktop/KIC_JAVA_PRAC/apache-tomcat-9.0.74/webapps/examples]에 대한 배치가 [83] 밀리초에 완료되었습니다.
21-Apr-2023 12:32:35.236 정보 [main] org.apache.catalina.startup.HostConfig.deployDirectory 웹 애플리케이션 디렉토리 [/Users/ksy/Desktop/KIC_JAVA_PRAC/apache-tomcat-9.0.74/webapps/ROOT]을(를) 배치합니다.
21-Apr-2023 12:32:35.248 정보 [main] org.apache.catalina.startup.HostConfig.deployDirectory 웹 애플리케이션 디렉토리 [/Users/ksy/Desktop/KIC_JAVA_PRAC/apache-tomcat-9.0.74/webapps/ROOT]에 대한 배치가 [12] 밀리초에 완료되었습니다.
21-Apr-2023 12:32:35.248 정보 [main] org.apache.catalina.startup.HostConfig.deployDirectory 웹 애플리케이션 디렉토리 [/Users/ksy/Desktop/KIC_JAVA_PRAC/apache-tomcat-9.0.74/webapps/host-manager]을(를) 배치합니다.
21-Apr-2023 12:32:35.255 정보 [main] org.apache.catalina.startup.HostConfig.deployDirectory 웹 애플리케이션 디렉토리 [/Users/ksy/Desktop/KIC_JAVA_PRAC/apache-tomcat-9.0.74/webapps/host-manager]에 대한 배치가 [7] 밀리초에 완료되었습니다.
21-Apr-2023 12:32:35.257 정보 [main] org.apache.coyote.AbstractProtocol.start 프로토콜 핸들러 ["http-nio-8080"]을(를) 시작합니다.
21-Apr-2023 12:32:35.262 정보 [main] org.apache.catalina.startup.Catalina.start 서버가 [235] 밀리초 내에 시작되었습니다.
