02-May-2023 10:32:52.590 정보 [main] org.apache.catalina.core.ApplicationContext.log ContextListener: contextInitialized()
02-May-2023 10:32:52.590 정보 [main] org.apache.catalina.core.ApplicationContext.log SessionListener: contextInitialized()
02-May-2023 10:32:52.591 정보 [main] org.apache.catalina.core.ApplicationContext.log ContextListener: attributeAdded('StockTicker', 'async.Stockticker@71e5f61d')
02-May-2023 10:37:11.412 정보 [main] org.apache.catalina.core.ApplicationContext.log SessionListener: contextDestroyed()
02-May-2023 10:37:11.412 정보 [main] org.apache.catalina.core.ApplicationContext.log ContextListener: contextDestroyed()
02-May-2023 10:41:25.839 정보 [main] org.apache.catalina.core.ApplicationContext.log ContextListener: contextInitialized()
02-May-2023 10:41:25.839 정보 [main] org.apache.catalina.core.ApplicationContext.log SessionListener: contextInitialized()
02-May-2023 10:41:25.839 정보 [main] org.apache.catalina.core.ApplicationContext.log ContextListener: attributeAdded('StockTicker', 'async.Stockticker@172ca72b')
02-May-2023 10:41:36.197 심각 [http-nio-8080-exec-2] org.apache.catalina.core.StandardWrapperValve.invoke 경로 [/website1]의 컨텍스트 내의 서블릿 [jsp]을(를) 위한 Servlet.service() 호출이, 근본 원인(root cause)과 함께, 예외 [JSP를 위한 클래스를 컴파일할 수 없습니다.: 

JSP 파일 [/index.jsp]의 [5] 행에서 오류가 발생했습니다.
The method prinln(String) is undefined for the type JspWriter
2: 	pageEncoding="UTF-8"%>
3: 
4: <%
5:     out.prinln("Hello JSP");
6: %>


Stacktrace:]을(를) 발생시켰습니다.
	org.apache.jasper.JasperException: JSP를 위한 클래스를 컴파일할 수 없습니다.: 

JSP 파일 [/index.jsp]의 [5] 행에서 오류가 발생했습니다.
The method prinln(String) is undefined for the type JspWriter
2: 	pageEncoding="UTF-8"%>
3: 
4: <%
5:     out.prinln("Hello JSP");
6: %>


Stacktrace:
		at org.apache.jasper.compiler.DefaultErrorHandler.javacError(DefaultErrorHandler.java:102)
		at org.apache.jasper.compiler.ErrorDispatcher.javacError(ErrorDispatcher.java:213)
		at org.apache.jasper.compiler.JDTCompiler.generateClass(JDTCompiler.java:531)
		at org.apache.jasper.compiler.Compiler.compile(Compiler.java:398)
		at org.apache.jasper.compiler.Compiler.compile(Compiler.java:368)
		at org.apache.jasper.compiler.Compiler.compile(Compiler.java:352)
		at org.apache.jasper.JspCompilationContext.compile(JspCompilationContext.java:603)
		at org.apache.jasper.servlet.JspServletWrapper.service(JspServletWrapper.java:399)
		at org.apache.jasper.servlet.JspServlet.serviceJspFile(JspServlet.java:379)
		at org.apache.jasper.servlet.JspServlet.service(JspServlet.java:327)
		at javax.servlet.http.HttpServlet.service(HttpServlet.java:623)
		at org.apache.catalina.core.ApplicationFilterChain.internalDoFilter(ApplicationFilterChain.java:209)
		at org.apache.catalina.core.ApplicationFilterChain.doFilter(ApplicationFilterChain.java:153)
		at org.apache.tomcat.websocket.server.WsFilter.doFilter(WsFilter.java:51)
		at org.apache.catalina.core.ApplicationFilterChain.internalDoFilter(ApplicationFilterChain.java:178)
		at org.apache.catalina.core.ApplicationFilterChain.doFilter(ApplicationFilterChain.java:153)
		at org.apache.catalina.core.StandardWrapperValve.invoke(StandardWrapperValve.java:167)
		at org.apache.catalina.core.StandardContextValve.invoke(StandardContextValve.java:90)
		at org.apache.catalina.authenticator.AuthenticatorBase.invoke(AuthenticatorBase.java:481)
		at org.apache.catalina.core.StandardHostValve.invoke(StandardHostValve.java:130)
		at org.apache.catalina.valves.ErrorReportValve.invoke(ErrorReportValve.java:93)
		at org.apache.catalina.valves.AbstractAccessLogValve.invoke(AbstractAccessLogValve.java:673)
		at org.apache.catalina.core.StandardEngineValve.invoke(StandardEngineValve.java:74)
		at org.apache.catalina.connector.CoyoteAdapter.service(CoyoteAdapter.java:343)
		at org.apache.coyote.http11.Http11Processor.service(Http11Processor.java:389)
		at org.apache.coyote.AbstractProcessorLight.process(AbstractProcessorLight.java:63)
		at org.apache.coyote.AbstractProtocol$ConnectionHandler.process(AbstractProtocol.java:926)
		at org.apache.tomcat.util.net.NioEndpoint$SocketProcessor.doRun(NioEndpoint.java:1791)
		at org.apache.tomcat.util.net.SocketProcessorBase.run(SocketProcessorBase.java:52)
		at org.apache.tomcat.util.threads.ThreadPoolExecutor.runWorker(ThreadPoolExecutor.java:1191)
		at org.apache.tomcat.util.threads.ThreadPoolExecutor$Worker.run(ThreadPoolExecutor.java:659)
		at org.apache.tomcat.util.threads.TaskThread$WrappingRunnable.run(TaskThread.java:61)
		at java.base/java.lang.Thread.run(Thread.java:833)
02-May-2023 10:47:28.286 정보 [main] org.apache.catalina.core.ApplicationContext.log SessionListener: contextDestroyed()
02-May-2023 10:47:28.286 정보 [main] org.apache.catalina.core.ApplicationContext.log ContextListener: contextDestroyed()
02-May-2023 10:51:25.083 정보 [main] org.apache.catalina.core.ApplicationContext.log ContextListener: contextInitialized()
02-May-2023 10:51:25.083 정보 [main] org.apache.catalina.core.ApplicationContext.log SessionListener: contextInitialized()
02-May-2023 10:51:25.084 정보 [main] org.apache.catalina.core.ApplicationContext.log ContextListener: attributeAdded('StockTicker', 'async.Stockticker@2c9399a4')
02-May-2023 10:54:20.541 정보 [main] org.apache.catalina.core.ApplicationContext.log SessionListener: contextDestroyed()
02-May-2023 10:54:20.541 정보 [main] org.apache.catalina.core.ApplicationContext.log ContextListener: contextDestroyed()
02-May-2023 11:30:19.745 정보 [main] org.apache.catalina.core.ApplicationContext.log ContextListener: contextInitialized()
02-May-2023 11:30:19.745 정보 [main] org.apache.catalina.core.ApplicationContext.log SessionListener: contextInitialized()
02-May-2023 11:30:19.745 정보 [main] org.apache.catalina.core.ApplicationContext.log ContextListener: attributeAdded('StockTicker', 'async.Stockticker@1654a892')
02-May-2023 11:33:30.419 정보 [main] org.apache.catalina.core.ApplicationContext.log SessionListener: contextDestroyed()
02-May-2023 11:33:30.419 정보 [main] org.apache.catalina.core.ApplicationContext.log ContextListener: contextDestroyed()
02-May-2023 11:39:15.493 정보 [main] org.apache.catalina.core.ApplicationContext.log ContextListener: contextInitialized()
02-May-2023 11:39:15.493 정보 [main] org.apache.catalina.core.ApplicationContext.log SessionListener: contextInitialized()
02-May-2023 11:39:15.493 정보 [main] org.apache.catalina.core.ApplicationContext.log ContextListener: attributeAdded('StockTicker', 'async.Stockticker@3a095ec0')
02-May-2023 12:11:41.120 정보 [main] org.apache.catalina.core.ApplicationContext.log SessionListener: contextDestroyed()
02-May-2023 12:11:41.120 정보 [main] org.apache.catalina.core.ApplicationContext.log ContextListener: contextDestroyed()
02-May-2023 12:11:53.400 정보 [main] org.apache.catalina.core.ApplicationContext.log ContextListener: contextInitialized()
02-May-2023 12:11:53.400 정보 [main] org.apache.catalina.core.ApplicationContext.log SessionListener: contextInitialized()
02-May-2023 12:11:53.400 정보 [main] org.apache.catalina.core.ApplicationContext.log ContextListener: attributeAdded('StockTicker', 'async.Stockticker@3eee3e2b')
02-May-2023 12:16:40.499 정보 [main] org.apache.catalina.core.ApplicationContext.log SessionListener: contextDestroyed()
02-May-2023 12:16:40.499 정보 [main] org.apache.catalina.core.ApplicationContext.log ContextListener: contextDestroyed()
