2023-06-12 17:09:32,939 [Worker-6: Loading available Gradle versions] INFO  o.e.b.c.i.u.g.PublishedGradleVersions - Gradle version information cache is up-to-date. Trying to read.
2023-06-12 17:10:39,852 [Worker-2: Loading available Gradle versions] INFO  o.e.b.c.i.u.g.PublishedGradleVersions - Gradle version information cache is up-to-date. Trying to read.
2023-06-12 17:11:06,580 [Worker-8: Loading available Gradle versions] INFO  o.e.b.c.i.u.g.PublishedGradleVersions - Gradle version information cache is up-to-date. Trying to read.
2023-06-13 09:06:49,240 [Worker-6: Loading available Gradle versions] INFO  o.e.b.c.i.u.g.PublishedGradleVersions - Gradle version information cache is out-of-date. Trying to update.
2023-06-13 09:31:13,998 [Worker-2: Loading available Gradle versions] INFO  o.e.b.c.i.u.g.PublishedGradleVersions - Gradle version information cache is up-to-date. Trying to read.
2023-06-13 09:36:57,795 [main] INFO  o.e.m.c.i.p.ProjectConfigurationManager - Update started
2023-06-13 09:36:58,003 [main] INFO  o.e.m.c.i.e.AbstractTransferListenerAdapter - Downloading https://repo.maven.apache.org/maven2/org/apache/maven/plugins/maven-war-plugin/3.3.2/maven-war-plugin-3.3.2.jar
2023-06-13 09:36:58,057 [main] INFO  o.e.m.c.i.e.AbstractTransferListenerAdapter - Downloaded https://repo.maven.apache.org/maven2/org/apache/maven/plugins/maven-war-plugin/3.3.2/maven-war-plugin-3.3.2.jar
2023-06-13 09:36:58,149 [main] INFO  o.e.m.c.i.l.LifecycleMappingFactory - Using org.maven.ide.eclipse.wtp.WarLifecycleMapping lifecycle mapping for MavenProject: com.exam:egov01:1.0.0 @ /Users/ksy/Desktop/KIC_JAVA_PRAC/eGovFrame/com.exam.egov01/pom.xml.
2023-06-13 09:36:59,086 [main] INFO  o.e.m.c.i.e.AbstractTransferListenerAdapter - Downloaded https://repo1.maven.org/maven2/org/egovframe/rte/org.egovframe.rte.ptl.mvc/4.1.0/org.egovframe.rte.ptl.mvc-4.1.0.pom
2023-06-13 09:36:59,219 [main] INFO  o.e.m.c.i.e.AbstractTransferListenerAdapter - Downloading https://maven.egovframe.go.kr/maven/org/egovframe/rte/org.egovframe.rte.ptl.mvc/4.1.0/org.egovframe.rte.ptl.mvc-4.1.0.pom
2023-06-13 09:36:59,259 [main] INFO  o.e.m.c.i.e.AbstractTransferListenerAdapter - Downloaded https://maven.egovframe.go.kr/maven/org/egovframe/rte/org.egovframe.rte.ptl.mvc/4.1.0/org.egovframe.rte.ptl.mvc-4.1.0.pom
2023-06-13 09:36:59,445 [main] INFO  o.e.m.c.i.e.AbstractTransferListenerAdapter - Downloaded https://repo1.maven.org/maven2/org/egovframe/rte/org.egovframe.rte.fdl.cmmn/4.1.0/org.egovframe.rte.fdl.cmmn-4.1.0.pom
2023-06-13 09:36:59,470 [main] INFO  o.e.m.c.i.e.AbstractTransferListenerAdapter - Downloading https://maven.egovframe.go.kr/maven/org/egovframe/rte/org.egovframe.rte.fdl.cmmn/4.1.0/org.egovframe.rte.fdl.cmmn-4.1.0.pom
2023-06-13 09:36:59,498 [main] INFO  o.e.m.c.i.e.AbstractTransferListenerAdapter - Downloaded https://maven.egovframe.go.kr/maven/org/egovframe/rte/org.egovframe.rte.fdl.cmmn/4.1.0/org.egovframe.rte.fdl.cmmn-4.1.0.pom
2023-06-13 09:36:59,648 [main] INFO  o.e.m.c.i.e.AbstractTransferListenerAdapter - Downloaded https://repo1.maven.org/maven2/org/egovframe/rte/org.egovframe.rte.fdl.logging/4.1.0/org.egovframe.rte.fdl.logging-4.1.0.pom
2023-06-13 09:36:59,665 [main] INFO  o.e.m.c.i.e.AbstractTransferListenerAdapter - Downloading https://maven.egovframe.go.kr/maven/org/egovframe/rte/org.egovframe.rte.fdl.logging/4.1.0/org.egovframe.rte.fdl.logging-4.1.0.pom
2023-06-13 09:36:59,682 [main] INFO  o.e.m.c.i.e.AbstractTransferListenerAdapter - Downloaded https://maven.egovframe.go.kr/maven/org/egovframe/rte/org.egovframe.rte.fdl.logging/4.1.0/org.egovframe.rte.fdl.logging-4.1.0.pom
2023-06-13 09:36:59,837 [main] INFO  o.e.m.c.i.e.AbstractTransferListenerAdapter - Downloading https://repo1.maven.org/maven2/org/apache/logging/log4j/log4j-core/2.17.2/log4j-core-2.17.2.pom
2023-06-13 09:37:00,009 [main] INFO  o.e.m.c.i.e.AbstractTransferListenerAdapter - Downloaded https://repo1.maven.org/maven2/org/apache/logging/log4j/log4j-core/2.17.2/log4j-core-2.17.2.pom
2023-06-13 09:37:00,166 [main] INFO  o.e.m.c.i.e.AbstractTransferListenerAdapter - Downloading https://repo1.maven.org/maven2/org/apache/logging/log4j/log4j-slf4j-impl/2.17.2/log4j-slf4j-impl-2.17.2.pom
2023-06-13 09:37:00,346 [main] INFO  o.e.m.c.i.e.AbstractTransferListenerAdapter - Downloaded https://repo1.maven.org/maven2/org/apache/logging/log4j/log4j-slf4j-impl/2.17.2/log4j-slf4j-impl-2.17.2.pom
2023-06-13 09:37:00,501 [main] INFO  o.e.m.c.i.e.AbstractTransferListenerAdapter - Downloading https://repo1.maven.org/maven2/org/slf4j/slf4j-api/1.7.25/slf4j-api-1.7.25.pom
2023-06-13 09:37:00,650 [main] INFO  o.e.m.c.i.e.AbstractTransferListenerAdapter - Downloaded https://repo1.maven.org/maven2/org/slf4j/slf4j-api/1.7.25/slf4j-api-1.7.25.pom
2023-06-13 09:37:00,803 [main] INFO  o.e.m.c.i.e.AbstractTransferListenerAdapter - Downloading https://repo1.maven.org/maven2/org/slf4j/slf4j-parent/1.7.25/slf4j-parent-1.7.25.pom
2023-06-13 09:37:00,971 [main] INFO  o.e.m.c.i.e.AbstractTransferListenerAdapter - Downloaded https://repo1.maven.org/maven2/org/slf4j/slf4j-parent/1.7.25/slf4j-parent-1.7.25.pom
2023-06-13 09:37:01,130 [main] INFO  o.e.m.c.i.e.AbstractTransferListenerAdapter - Downloading https://repo1.maven.org/maven2/org/slf4j/log4j-over-slf4j/1.7.36/log4j-over-slf4j-1.7.36.pom
2023-06-13 09:37:01,280 [main] INFO  o.e.m.c.i.e.AbstractTransferListenerAdapter - Downloaded https://repo1.maven.org/maven2/org/slf4j/log4j-over-slf4j/1.7.36/log4j-over-slf4j-1.7.36.pom
2023-06-13 09:37:01,434 [main] INFO  o.e.m.c.i.e.AbstractTransferListenerAdapter - Downloading https://repo1.maven.org/maven2/javax/annotation/javax.annotation-api/1.3.2/javax.annotation-api-1.3.2.pom
2023-06-13 09:37:01,600 [main] INFO  o.e.m.c.i.e.AbstractTransferListenerAdapter - Downloaded https://repo1.maven.org/maven2/javax/annotation/javax.annotation-api/1.3.2/javax.annotation-api-1.3.2.pom
2023-06-13 09:37:01,768 [main] INFO  o.e.m.c.i.e.AbstractTransferListenerAdapter - Downloading https://repo1.maven.org/maven2/net/java/jvnet-parent/3/jvnet-parent-3.pom
2023-06-13 09:37:01,928 [main] INFO  o.e.m.c.i.e.AbstractTransferListenerAdapter - Downloaded https://repo1.maven.org/maven2/net/java/jvnet-parent/3/jvnet-parent-3.pom
2023-06-13 09:37:02,087 [main] INFO  o.e.m.c.i.e.AbstractTransferListenerAdapter - Downloading https://repo1.maven.org/maven2/org/springframework/spring-context-support/5.3.20/spring-context-support-5.3.20.pom
2023-06-13 09:37:02,232 [main] INFO  o.e.m.c.i.e.AbstractTransferListenerAdapter - Downloaded https://repo1.maven.org/maven2/org/springframework/spring-context-support/5.3.20/spring-context-support-5.3.20.pom
2023-06-13 09:37:02,380 [main] INFO  o.e.m.c.i.e.AbstractTransferListenerAdapter - Downloading https://repo1.maven.org/maven2/org/springframework/spring-beans/5.3.20/spring-beans-5.3.20.pom
2023-06-13 09:37:02,526 [main] INFO  o.e.m.c.i.e.AbstractTransferListenerAdapter - Downloaded https://repo1.maven.org/maven2/org/springframework/spring-beans/5.3.20/spring-beans-5.3.20.pom
2023-06-13 09:37:02,681 [main] INFO  o.e.m.c.i.e.AbstractTransferListenerAdapter - Downloading https://repo1.maven.org/maven2/org/springframework/spring-core/5.3.20/spring-core-5.3.20.pom
2023-06-13 09:37:02,829 [main] INFO  o.e.m.c.i.e.AbstractTransferListenerAdapter - Downloaded https://repo1.maven.org/maven2/org/springframework/spring-core/5.3.20/spring-core-5.3.20.pom
2023-06-13 09:37:02,979 [main] INFO  o.e.m.c.i.e.AbstractTransferListenerAdapter - Downloading https://repo1.maven.org/maven2/org/springframework/spring-jcl/5.3.20/spring-jcl-5.3.20.pom
2023-06-13 09:37:03,127 [main] INFO  o.e.m.c.i.e.AbstractTransferListenerAdapter - Downloaded https://repo1.maven.org/maven2/org/springframework/spring-jcl/5.3.20/spring-jcl-5.3.20.pom
2023-06-13 09:37:03,287 [main] INFO  o.e.m.c.i.e.AbstractTransferListenerAdapter - Downloading https://repo1.maven.org/maven2/org/springframework/spring-context/5.3.20/spring-context-5.3.20.pom
2023-06-13 09:37:03,441 [main] INFO  o.e.m.c.i.e.AbstractTransferListenerAdapter - Downloaded https://repo1.maven.org/maven2/org/springframework/spring-context/5.3.20/spring-context-5.3.20.pom
2023-06-13 09:37:03,598 [main] INFO  o.e.m.c.i.e.AbstractTransferListenerAdapter - Downloading https://repo1.maven.org/maven2/org/springframework/spring-aop/5.3.20/spring-aop-5.3.20.pom
2023-06-13 09:37:03,749 [main] INFO  o.e.m.c.i.e.AbstractTransferListenerAdapter - Downloaded https://repo1.maven.org/maven2/org/springframework/spring-aop/5.3.20/spring-aop-5.3.20.pom
2023-06-13 09:37:03,914 [main] INFO  o.e.m.c.i.e.AbstractTransferListenerAdapter - Downloading https://repo1.maven.org/maven2/org/springframework/spring-expression/5.3.20/spring-expression-5.3.20.pom
2023-06-13 09:37:04,065 [main] INFO  o.e.m.c.i.e.AbstractTransferListenerAdapter - Downloaded https://repo1.maven.org/maven2/org/springframework/spring-expression/5.3.20/spring-expression-5.3.20.pom
2023-06-13 09:37:04,225 [main] INFO  o.e.m.c.i.e.AbstractTransferListenerAdapter - Downloading https://repo1.maven.org/maven2/org/springframework/spring-tx/5.3.20/spring-tx-5.3.20.pom
2023-06-13 09:37:04,438 [main] INFO  o.e.m.c.i.e.AbstractTransferListenerAdapter - Downloaded https://repo1.maven.org/maven2/org/springframework/spring-tx/5.3.20/spring-tx-5.3.20.pom
2023-06-13 09:37:04,605 [main] INFO  o.e.m.c.i.e.AbstractTransferListenerAdapter - Downloading https://repo1.maven.org/maven2/org/aspectj/aspectjweaver/1.9.9.1/aspectjweaver-1.9.9.1.pom
2023-06-13 09:37:04,763 [main] INFO  o.e.m.c.i.e.AbstractTransferListenerAdapter - Downloaded https://repo1.maven.org/maven2/org/aspectj/aspectjweaver/1.9.9.1/aspectjweaver-1.9.9.1.pom
2023-06-13 09:37:04,931 [main] INFO  o.e.m.c.i.e.AbstractTransferListenerAdapter - Downloading https://repo1.maven.org/maven2/org/aspectj/aspectjrt/1.9.9.1/aspectjrt-1.9.9.1.pom
2023-06-13 09:37:05,087 [main] INFO  o.e.m.c.i.e.AbstractTransferListenerAdapter - Downloaded https://repo1.maven.org/maven2/org/aspectj/aspectjrt/1.9.9.1/aspectjrt-1.9.9.1.pom
2023-06-13 09:37:05,245 [main] INFO  o.e.m.c.i.e.AbstractTransferListenerAdapter - Downloading https://repo1.maven.org/maven2/org/springframework/spring-webmvc/5.3.20/spring-webmvc-5.3.20.pom
2023-06-13 09:37:05,395 [main] INFO  o.e.m.c.i.e.AbstractTransferListenerAdapter - Downloaded https://repo1.maven.org/maven2/org/springframework/spring-webmvc/5.3.20/spring-webmvc-5.3.20.pom
2023-06-13 09:37:05,559 [main] INFO  o.e.m.c.i.e.AbstractTransferListenerAdapter - Downloading https://repo1.maven.org/maven2/org/springframework/spring-web/5.3.20/spring-web-5.3.20.pom
2023-06-13 09:37:05,714 [main] INFO  o.e.m.c.i.e.AbstractTransferListenerAdapter - Downloaded https://repo1.maven.org/maven2/org/springframework/spring-web/5.3.20/spring-web-5.3.20.pom
2023-06-13 09:37:05,864 [main] INFO  o.e.m.c.i.e.AbstractTransferListenerAdapter - Downloaded https://repo1.maven.org/maven2/org/egovframe/rte/spring-modules-validation/0.9/spring-modules-validation-0.9.pom
2023-06-13 09:37:05,938 [main] INFO  o.e.m.c.i.e.AbstractTransferListenerAdapter - Downloading https://maven.egovframe.go.kr/maven/org/egovframe/rte/spring-modules-validation/0.9/spring-modules-validation-0.9.pom
2023-06-13 09:37:05,966 [main] INFO  o.e.m.c.i.e.AbstractTransferListenerAdapter - Downloaded https://maven.egovframe.go.kr/maven/org/egovframe/rte/spring-modules-validation/0.9/spring-modules-validation-0.9.pom
2023-06-13 09:37:06,129 [main] INFO  o.e.m.c.i.e.AbstractTransferListenerAdapter - Downloading https://repo1.maven.org/maven2/commons-validator/commons-validator/1.7/commons-validator-1.7.pom
2023-06-13 09:37:06,297 [main] INFO  o.e.m.c.i.e.AbstractTransferListenerAdapter - Downloaded https://repo1.maven.org/maven2/commons-validator/commons-validator/1.7/commons-validator-1.7.pom
2023-06-13 09:37:06,463 [main] INFO  o.e.m.c.i.e.AbstractTransferListenerAdapter - Downloading https://repo1.maven.org/maven2/org/apache/commons/commons-parent/51/commons-parent-51.pom
2023-06-13 09:37:07,159 [main] INFO  o.e.m.c.i.e.AbstractTransferListenerAdapter - Downloaded https://repo1.maven.org/maven2/org/apache/commons/commons-parent/51/commons-parent-51.pom
2023-06-13 09:37:07,317 [main] INFO  o.e.m.c.i.e.AbstractTransferListenerAdapter - Downloading https://repo1.maven.org/maven2/commons-beanutils/commons-beanutils/1.9.4/commons-beanutils-1.9.4.pom
2023-06-13 09:37:07,480 [main] INFO  o.e.m.c.i.e.AbstractTransferListenerAdapter - Downloaded https://repo1.maven.org/maven2/commons-beanutils/commons-beanutils/1.9.4/commons-beanutils-1.9.4.pom
2023-06-13 09:37:07,651 [main] INFO  o.e.m.c.i.e.AbstractTransferListenerAdapter - Downloading https://repo1.maven.org/maven2/commons-digester/commons-digester/2.1/commons-digester-2.1.pom
2023-06-13 09:37:07,811 [main] INFO  o.e.m.c.i.e.AbstractTransferListenerAdapter - Downloaded https://repo1.maven.org/maven2/commons-digester/commons-digester/2.1/commons-digester-2.1.pom
2023-06-13 09:37:07,960 [main] INFO  o.e.m.c.i.e.AbstractTransferListenerAdapter - Downloading https://repo1.maven.org/maven2/org/apache/commons/commons-parent/17/commons-parent-17.pom
2023-06-13 09:37:08,123 [main] INFO  o.e.m.c.i.e.AbstractTransferListenerAdapter - Downloaded https://repo1.maven.org/maven2/org/apache/commons/commons-parent/17/commons-parent-17.pom
2023-06-13 09:37:08,277 [main] INFO  o.e.m.c.i.e.AbstractTransferListenerAdapter - Downloaded https://repo1.maven.org/maven2/org/egovframe/rte/org.egovframe.rte.psl.dataaccess/4.1.0/org.egovframe.rte.psl.dataaccess-4.1.0.pom
2023-06-13 09:37:08,295 [main] INFO  o.e.m.c.i.e.AbstractTransferListenerAdapter - Downloading https://maven.egovframe.go.kr/maven/org/egovframe/rte/org.egovframe.rte.psl.dataaccess/4.1.0/org.egovframe.rte.psl.dataaccess-4.1.0.pom
2023-06-13 09:37:08,319 [main] INFO  o.e.m.c.i.e.AbstractTransferListenerAdapter - Downloaded https://maven.egovframe.go.kr/maven/org/egovframe/rte/org.egovframe.rte.psl.dataaccess/4.1.0/org.egovframe.rte.psl.dataaccess-4.1.0.pom
2023-06-13 09:37:08,498 [main] INFO  o.e.m.c.i.e.AbstractTransferListenerAdapter - Downloading https://repo1.maven.org/maven2/org/springframework/spring-orm/5.3.20/spring-orm-5.3.20.pom
2023-06-13 09:37:08,661 [main] INFO  o.e.m.c.i.e.AbstractTransferListenerAdapter - Downloaded https://repo1.maven.org/maven2/org/springframework/spring-orm/5.3.20/spring-orm-5.3.20.pom
2023-06-13 09:37:08,817 [main] INFO  o.e.m.c.i.e.AbstractTransferListenerAdapter - Downloading https://repo1.maven.org/maven2/org/springframework/spring-jdbc/5.3.20/spring-jdbc-5.3.20.pom
2023-06-13 09:37:09,000 [main] INFO  o.e.m.c.i.e.AbstractTransferListenerAdapter - Downloaded https://repo1.maven.org/maven2/org/springframework/spring-jdbc/5.3.20/spring-jdbc-5.3.20.pom
2023-06-13 09:37:09,227 [main] INFO  o.e.m.c.i.e.AbstractTransferListenerAdapter - Downloading https://repo1.maven.org/maven2/javax/javaee-api/7.0/javaee-api-7.0.pom
2023-06-13 09:37:09,379 [main] INFO  o.e.m.c.i.e.AbstractTransferListenerAdapter - Downloaded https://repo1.maven.org/maven2/javax/javaee-api/7.0/javaee-api-7.0.pom
2023-06-13 09:37:09,533 [main] INFO  o.e.m.c.i.e.AbstractTransferListenerAdapter - Downloading https://repo1.maven.org/maven2/com/sun/mail/javax.mail/1.5.0/javax.mail-1.5.0.pom
2023-06-13 09:37:09,693 [main] INFO  o.e.m.c.i.e.AbstractTransferListenerAdapter - Downloaded https://repo1.maven.org/maven2/com/sun/mail/javax.mail/1.5.0/javax.mail-1.5.0.pom
2023-06-13 09:37:09,871 [main] INFO  o.e.m.c.i.e.AbstractTransferListenerAdapter - Downloading https://repo1.maven.org/maven2/com/sun/mail/all/1.5.0/all-1.5.0.pom
2023-06-13 09:37:10,026 [main] INFO  o.e.m.c.i.e.AbstractTransferListenerAdapter - Downloaded https://repo1.maven.org/maven2/com/sun/mail/all/1.5.0/all-1.5.0.pom
2023-06-13 09:37:10,180 [main] INFO  o.e.m.c.i.e.AbstractTransferListenerAdapter - Downloading https://repo1.maven.org/maven2/org/apache/ibatis/ibatis-sqlmap/2.3.4.726/ibatis-sqlmap-2.3.4.726.pom
2023-06-13 09:37:10,329 [main] INFO  o.e.m.c.i.e.AbstractTransferListenerAdapter - Downloaded https://repo1.maven.org/maven2/org/apache/ibatis/ibatis-sqlmap/2.3.4.726/ibatis-sqlmap-2.3.4.726.pom
2023-06-13 09:37:10,486 [main] INFO  o.e.m.c.i.e.AbstractTransferListenerAdapter - Downloading https://repo1.maven.org/maven2/org/mybatis/mybatis/3.5.10/mybatis-3.5.10.pom
2023-06-13 09:37:10,634 [main] INFO  o.e.m.c.i.e.AbstractTransferListenerAdapter - Downloaded https://repo1.maven.org/maven2/org/mybatis/mybatis/3.5.10/mybatis-3.5.10.pom
2023-06-13 09:37:10,794 [main] INFO  o.e.m.c.i.e.AbstractTransferListenerAdapter - Downloading https://repo1.maven.org/maven2/org/mybatis/mybatis-parent/34/mybatis-parent-34.pom
2023-06-13 09:37:10,973 [main] INFO  o.e.m.c.i.e.AbstractTransferListenerAdapter - Downloaded https://repo1.maven.org/maven2/org/mybatis/mybatis-parent/34/mybatis-parent-34.pom
2023-06-13 09:37:11,130 [main] INFO  o.e.m.c.i.e.AbstractTransferListenerAdapter - Downloaded https://repo1.maven.org/maven2/org/egovframe/rte/org.egovframe.rte.fdl.idgnr/4.1.0/org.egovframe.rte.fdl.idgnr-4.1.0.pom
2023-06-13 09:37:11,150 [main] INFO  o.e.m.c.i.e.AbstractTransferListenerAdapter - Downloading https://maven.egovframe.go.kr/maven/org/egovframe/rte/org.egovframe.rte.fdl.idgnr/4.1.0/org.egovframe.rte.fdl.idgnr-4.1.0.pom
2023-06-13 09:37:11,168 [main] INFO  o.e.m.c.i.e.AbstractTransferListenerAdapter - Downloaded https://maven.egovframe.go.kr/maven/org/egovframe/rte/org.egovframe.rte.fdl.idgnr/4.1.0/org.egovframe.rte.fdl.idgnr-4.1.0.pom
2023-06-13 09:37:11,329 [main] INFO  o.e.m.c.i.e.AbstractTransferListenerAdapter - Downloaded https://repo1.maven.org/maven2/org/egovframe/rte/org.egovframe.rte.fdl.property/4.1.0/org.egovframe.rte.fdl.property-4.1.0.pom
2023-06-13 09:37:11,347 [main] INFO  o.e.m.c.i.e.AbstractTransferListenerAdapter - Downloading https://maven.egovframe.go.kr/maven/org/egovframe/rte/org.egovframe.rte.fdl.property/4.1.0/org.egovframe.rte.fdl.property-4.1.0.pom
2023-06-13 09:37:11,367 [main] INFO  o.e.m.c.i.e.AbstractTransferListenerAdapter - Downloaded https://maven.egovframe.go.kr/maven/org/egovframe/rte/org.egovframe.rte.fdl.property/4.1.0/org.egovframe.rte.fdl.property-4.1.0.pom
2023-06-13 09:37:11,551 [main] INFO  o.e.m.c.i.e.AbstractTransferListenerAdapter - Downloading https://repo1.maven.org/maven2/javax/servlet/javax.servlet-api/3.1.0/javax.servlet-api-3.1.0.pom
2023-06-13 09:37:11,698 [main] INFO  o.e.m.c.i.e.AbstractTransferListenerAdapter - Downloaded https://repo1.maven.org/maven2/javax/servlet/javax.servlet-api/3.1.0/javax.servlet-api-3.1.0.pom
2023-06-13 09:37:11,858 [main] INFO  o.e.m.c.i.e.AbstractTransferListenerAdapter - Downloading https://repo1.maven.org/maven2/javax/servlet/jsp/jstl/jstl-api/1.2/jstl-api-1.2.pom
2023-06-13 09:37:12,013 [main] INFO  o.e.m.c.i.e.AbstractTransferListenerAdapter - Downloaded https://repo1.maven.org/maven2/javax/servlet/jsp/jstl/jstl-api/1.2/jstl-api-1.2.pom
2023-06-13 09:37:12,167 [main] INFO  o.e.m.c.i.e.AbstractTransferListenerAdapter - Downloading https://repo1.maven.org/maven2/org/glassfish/web/jstl/1.2/jstl-1.2.pom
2023-06-13 09:37:12,319 [main] INFO  o.e.m.c.i.e.AbstractTransferListenerAdapter - Downloaded https://repo1.maven.org/maven2/org/glassfish/web/jstl/1.2/jstl-1.2.pom
2023-06-13 09:37:12,477 [main] INFO  o.e.m.c.i.e.AbstractTransferListenerAdapter - Downloading https://repo1.maven.org/maven2/javax/servlet/jsp/jsp-api/2.1/jsp-api-2.1.pom
2023-06-13 09:37:12,642 [main] INFO  o.e.m.c.i.e.AbstractTransferListenerAdapter - Downloaded https://repo1.maven.org/maven2/javax/servlet/jsp/jsp-api/2.1/jsp-api-2.1.pom
2023-06-13 09:37:12,806 [main] INFO  o.e.m.c.i.e.AbstractTransferListenerAdapter - Downloading https://repo1.maven.org/maven2/org/antlr/antlr/3.5/antlr-3.5.pom
2023-06-13 09:37:12,954 [main] INFO  o.e.m.c.i.e.AbstractTransferListenerAdapter - Downloaded https://repo1.maven.org/maven2/org/antlr/antlr/3.5/antlr-3.5.pom
2023-06-13 09:37:13,120 [main] INFO  o.e.m.c.i.e.AbstractTransferListenerAdapter - Downloading https://repo1.maven.org/maven2/org/antlr/antlr-master/3.5/antlr-master-3.5.pom
2023-06-13 09:37:13,271 [main] INFO  o.e.m.c.i.e.AbstractTransferListenerAdapter - Downloaded https://repo1.maven.org/maven2/org/antlr/antlr-master/3.5/antlr-master-3.5.pom
2023-06-13 09:37:13,425 [main] INFO  o.e.m.c.i.e.AbstractTransferListenerAdapter - Downloading https://repo1.maven.org/maven2/org/antlr/antlr-runtime/3.5/antlr-runtime-3.5.pom
2023-06-13 09:37:13,581 [main] INFO  o.e.m.c.i.e.AbstractTransferListenerAdapter - Downloaded https://repo1.maven.org/maven2/org/antlr/antlr-runtime/3.5/antlr-runtime-3.5.pom
2023-06-13 09:37:13,734 [main] INFO  o.e.m.c.i.e.AbstractTransferListenerAdapter - Downloading https://repo1.maven.org/maven2/org/antlr/stringtemplate/3.2.1/stringtemplate-3.2.1.pom
2023-06-13 09:37:13,881 [main] INFO  o.e.m.c.i.e.AbstractTransferListenerAdapter - Downloaded https://repo1.maven.org/maven2/org/antlr/stringtemplate/3.2.1/stringtemplate-3.2.1.pom
2023-06-13 09:37:14,041 [main] INFO  o.e.m.c.i.e.AbstractTransferListenerAdapter - Downloading https://repo1.maven.org/maven2/org/antlr/ST4/4.0.7/ST4-4.0.7.pom
2023-06-13 09:37:14,191 [main] INFO  o.e.m.c.i.e.AbstractTransferListenerAdapter - Downloaded https://repo1.maven.org/maven2/org/antlr/ST4/4.0.7/ST4-4.0.7.pom
2023-06-13 09:37:14,351 [main] INFO  o.e.m.c.i.e.AbstractTransferListenerAdapter - Downloading https://repo1.maven.org/maven2/org/hsqldb/hsqldb/2.5.2/hsqldb-2.5.2.pom
2023-06-13 09:37:14,502 [main] INFO  o.e.m.c.i.e.AbstractTransferListenerAdapter - Downloaded https://repo1.maven.org/maven2/org/hsqldb/hsqldb/2.5.2/hsqldb-2.5.2.pom
2023-06-13 09:37:14,666 [AetherRepositoryConnector-repo1.maven.org-0-0] INFO  o.e.m.c.i.e.AbstractTransferListenerAdapter - Downloaded https://repo1.maven.org/maven2/org/egovframe/rte/org.egovframe.rte.ptl.mvc/4.1.0/org.egovframe.rte.ptl.mvc-4.1.0.jar
2023-06-13 09:37:14,821 [AetherRepositoryConnector-repo1.maven.org-0-3] INFO  o.e.m.c.i.e.AbstractTransferListenerAdapter - Downloading https://repo1.maven.org/maven2/org/springframework/spring-tx/5.3.20/spring-tx-5.3.20.jar
2023-06-13 09:37:15,101 [AetherRepositoryConnector-repo1.maven.org-0-2] INFO  o.e.m.c.i.e.AbstractTransferListenerAdapter - Downloading https://repo1.maven.org/maven2/org/springframework/spring-context-support/5.3.20/spring-context-support-5.3.20.jar
2023-06-13 09:37:15,105 [AetherRepositoryConnector-repo1.maven.org-0-4] INFO  o.e.m.c.i.e.AbstractTransferListenerAdapter - Downloading https://repo1.maven.org/maven2/org/aspectj/aspectjweaver/1.9.9.1/aspectjweaver-1.9.9.1.jar
2023-06-13 09:37:15,105 [AetherRepositoryConnector-repo1.maven.org-0-0] INFO  o.e.m.c.i.e.AbstractTransferListenerAdapter - Downloading https://repo1.maven.org/maven2/org/aspectj/aspectjrt/1.9.9.1/aspectjrt-1.9.9.1.jar
2023-06-13 09:37:15,105 [AetherRepositoryConnector-repo1.maven.org-0-1] INFO  o.e.m.c.i.e.AbstractTransferListenerAdapter - Downloaded https://repo1.maven.org/maven2/org/egovframe/rte/org.egovframe.rte.fdl.cmmn/4.1.0/org.egovframe.rte.fdl.cmmn-4.1.0.jar
2023-06-13 09:37:15,482 [AetherRepositoryConnector-repo1.maven.org-0-3] INFO  o.e.m.c.i.e.AbstractTransferListenerAdapter - Downloaded https://repo1.maven.org/maven2/org/springframework/spring-tx/5.3.20/spring-tx-5.3.20.jar
2023-06-13 09:37:15,497 [AetherRepositoryConnector-repo1.maven.org-0-1] INFO  o.e.m.c.i.e.AbstractTransferListenerAdapter - Downloading https://repo1.maven.org/maven2/org/springframework/spring-webmvc/5.3.20/spring-webmvc-5.3.20.jar
2023-06-13 09:37:15,954 [AetherRepositoryConnector-repo1.maven.org-0-2] INFO  o.e.m.c.i.e.AbstractTransferListenerAdapter - Downloaded https://repo1.maven.org/maven2/org/springframework/spring-context-support/5.3.20/spring-context-support-5.3.20.jar
2023-06-13 09:37:15,954 [AetherRepositoryConnector-repo1.maven.org-0-0] INFO  o.e.m.c.i.e.AbstractTransferListenerAdapter - Downloaded https://repo1.maven.org/maven2/org/aspectj/aspectjrt/1.9.9.1/aspectjrt-1.9.9.1.jar
2023-06-13 09:37:15,959 [AetherRepositoryConnector-repo1.maven.org-0-3] INFO  o.e.m.c.i.e.AbstractTransferListenerAdapter - Downloading https://repo1.maven.org/maven2/org/springframework/spring-aop/5.3.20/spring-aop-5.3.20.jar
2023-06-13 09:37:16,172 [AetherRepositoryConnector-repo1.maven.org-0-4] INFO  o.e.m.c.i.e.AbstractTransferListenerAdapter - Downloaded https://repo1.maven.org/maven2/org/aspectj/aspectjweaver/1.9.9.1/aspectjweaver-1.9.9.1.jar
2023-06-13 09:37:16,172 [AetherRepositoryConnector-repo1.maven.org-0-2] INFO  o.e.m.c.i.e.AbstractTransferListenerAdapter - Downloading https://repo1.maven.org/maven2/org/springframework/spring-beans/5.3.20/spring-beans-5.3.20.jar
2023-06-13 09:37:16,257 [AetherRepositoryConnector-repo1.maven.org-0-0] INFO  o.e.m.c.i.e.AbstractTransferListenerAdapter - Downloading https://repo1.maven.org/maven2/org/springframework/spring-core/5.3.20/spring-core-5.3.20.jar
2023-06-13 09:37:16,258 [AetherRepositoryConnector-repo1.maven.org-0-1] INFO  o.e.m.c.i.e.AbstractTransferListenerAdapter - Downloaded https://repo1.maven.org/maven2/org/springframework/spring-webmvc/5.3.20/spring-webmvc-5.3.20.jar
2023-06-13 09:37:16,629 [AetherRepositoryConnector-repo1.maven.org-0-4] INFO  o.e.m.c.i.e.AbstractTransferListenerAdapter - Downloading https://repo1.maven.org/maven2/org/springframework/spring-jcl/5.3.20/spring-jcl-5.3.20.jar
2023-06-13 09:37:16,633 [AetherRepositoryConnector-repo1.maven.org-0-1] INFO  o.e.m.c.i.e.AbstractTransferListenerAdapter - Downloading https://repo1.maven.org/maven2/org/springframework/spring-expression/5.3.20/spring-expression-5.3.20.jar
2023-06-13 09:37:16,634 [AetherRepositoryConnector-repo1.maven.org-0-3] INFO  o.e.m.c.i.e.AbstractTransferListenerAdapter - Downloaded https://repo1.maven.org/maven2/org/springframework/spring-aop/5.3.20/spring-aop-5.3.20.jar
2023-06-13 09:37:16,634 [AetherRepositoryConnector-repo1.maven.org-0-2] INFO  o.e.m.c.i.e.AbstractTransferListenerAdapter - Downloaded https://repo1.maven.org/maven2/org/springframework/spring-beans/5.3.20/spring-beans-5.3.20.jar
2023-06-13 09:37:16,816 [AetherRepositoryConnector-repo1.maven.org-0-3] INFO  o.e.m.c.i.e.AbstractTransferListenerAdapter - Downloaded https://repo1.maven.org/maven2/org/egovframe/rte/spring-modules-validation/0.9/spring-modules-validation-0.9.jar
2023-06-13 09:37:16,816 [AetherRepositoryConnector-repo1.maven.org-0-4] INFO  o.e.m.c.i.e.AbstractTransferListenerAdapter - Downloaded https://repo1.maven.org/maven2/org/springframework/spring-jcl/5.3.20/spring-jcl-5.3.20.jar
2023-06-13 09:37:16,816 [AetherRepositoryConnector-repo1.maven.org-0-2] INFO  o.e.m.c.i.e.AbstractTransferListenerAdapter - Downloading https://repo1.maven.org/maven2/commons-validator/commons-validator/1.7/commons-validator-1.7.jar
2023-06-13 09:37:16,816 [AetherRepositoryConnector-repo1.maven.org-0-0] INFO  o.e.m.c.i.e.AbstractTransferListenerAdapter - Downloaded https://repo1.maven.org/maven2/org/springframework/spring-core/5.3.20/spring-core-5.3.20.jar
2023-06-13 09:37:16,960 [AetherRepositoryConnector-repo1.maven.org-0-1] INFO  o.e.m.c.i.e.AbstractTransferListenerAdapter - Downloaded https://repo1.maven.org/maven2/org/springframework/spring-expression/5.3.20/spring-expression-5.3.20.jar
2023-06-13 09:37:16,963 [AetherRepositoryConnector-repo1.maven.org-0-4] INFO  o.e.m.c.i.e.AbstractTransferListenerAdapter - Downloading https://repo1.maven.org/maven2/commons-digester/commons-digester/2.1/commons-digester-2.1.jar
2023-06-13 09:37:16,975 [AetherRepositoryConnector-repo1.maven.org-0-0] INFO  o.e.m.c.i.e.AbstractTransferListenerAdapter - Downloading https://repo1.maven.org/maven2/javax/annotation/javax.annotation-api/1.3.2/javax.annotation-api-1.3.2.jar
2023-06-13 09:37:16,988 [AetherRepositoryConnector-repo1.maven.org-0-3] INFO  o.e.m.c.i.e.AbstractTransferListenerAdapter - Downloading https://repo1.maven.org/maven2/commons-beanutils/commons-beanutils/1.9.4/commons-beanutils-1.9.4.jar
2023-06-13 09:37:17,103 [AetherRepositoryConnector-repo1.maven.org-0-2] INFO  o.e.m.c.i.e.AbstractTransferListenerAdapter - Downloaded https://repo1.maven.org/maven2/commons-validator/commons-validator/1.7/commons-validator-1.7.jar
2023-06-13 09:37:17,142 [AetherRepositoryConnector-repo1.maven.org-0-1] INFO  o.e.m.c.i.e.AbstractTransferListenerAdapter - Downloaded https://repo1.maven.org/maven2/org/egovframe/rte/org.egovframe.rte.psl.dataaccess/4.1.0/org.egovframe.rte.psl.dataaccess-4.1.0.jar
2023-06-13 09:37:17,177 [AetherRepositoryConnector-repo1.maven.org-0-4] INFO  o.e.m.c.i.e.AbstractTransferListenerAdapter - Downloaded https://repo1.maven.org/maven2/commons-digester/commons-digester/2.1/commons-digester-2.1.jar
2023-06-13 09:37:17,181 [AetherRepositoryConnector-repo1.maven.org-0-0] INFO  o.e.m.c.i.e.AbstractTransferListenerAdapter - Downloaded https://repo1.maven.org/maven2/javax/annotation/javax.annotation-api/1.3.2/javax.annotation-api-1.3.2.jar
2023-06-13 09:37:17,257 [AetherRepositoryConnector-repo1.maven.org-0-3] INFO  o.e.m.c.i.e.AbstractTransferListenerAdapter - Downloaded https://repo1.maven.org/maven2/commons-beanutils/commons-beanutils/1.9.4/commons-beanutils-1.9.4.jar
2023-06-13 09:37:17,288 [AetherRepositoryConnector-repo1.maven.org-0-2] INFO  o.e.m.c.i.e.AbstractTransferListenerAdapter - Downloaded https://repo1.maven.org/maven2/org/egovframe/rte/org.egovframe.rte.fdl.logging/4.1.0/org.egovframe.rte.fdl.logging-4.1.0.jar
2023-06-13 09:37:17,333 [AetherRepositoryConnector-repo1.maven.org-0-4] INFO  o.e.m.c.i.e.AbstractTransferListenerAdapter - Downloading https://repo1.maven.org/maven2/org/apache/logging/log4j/log4j-slf4j-impl/2.17.2/log4j-slf4j-impl-2.17.2.jar
2023-06-13 09:37:17,344 [AetherRepositoryConnector-repo1.maven.org-0-1] INFO  o.e.m.c.i.e.AbstractTransferListenerAdapter - Downloading https://repo1.maven.org/maven2/org/apache/logging/log4j/log4j-core/2.17.2/log4j-core-2.17.2.jar
2023-06-13 09:37:17,708 [AetherRepositoryConnector-repo1.maven.org-0-0] INFO  o.e.m.c.i.e.AbstractTransferListenerAdapter - Downloading https://repo1.maven.org/maven2/org/slf4j/slf4j-api/1.7.25/slf4j-api-1.7.25.jar
2023-06-13 09:37:17,724 [AetherRepositoryConnector-repo1.maven.org-0-3] INFO  o.e.m.c.i.e.AbstractTransferListenerAdapter - Downloading https://repo1.maven.org/maven2/org/slf4j/log4j-over-slf4j/1.7.36/log4j-over-slf4j-1.7.36.jar
2023-06-13 09:37:17,726 [AetherRepositoryConnector-repo1.maven.org-0-2] INFO  o.e.m.c.i.e.AbstractTransferListenerAdapter - Downloading https://repo1.maven.org/maven2/org/springframework/spring-context/5.3.20/spring-context-5.3.20.jar
2023-06-13 09:37:17,726 [AetherRepositoryConnector-repo1.maven.org-0-4] INFO  o.e.m.c.i.e.AbstractTransferListenerAdapter - Downloaded https://repo1.maven.org/maven2/org/apache/logging/log4j/log4j-slf4j-impl/2.17.2/log4j-slf4j-impl-2.17.2.jar
2023-06-13 09:37:18,122 [AetherRepositoryConnector-repo1.maven.org-0-4] INFO  o.e.m.c.i.e.AbstractTransferListenerAdapter - Downloading https://repo1.maven.org/maven2/org/springframework/spring-orm/5.3.20/spring-orm-5.3.20.jar
2023-06-13 09:37:18,122 [AetherRepositoryConnector-repo1.maven.org-0-0] INFO  o.e.m.c.i.e.AbstractTransferListenerAdapter - Downloaded https://repo1.maven.org/maven2/org/slf4j/slf4j-api/1.7.25/slf4j-api-1.7.25.jar
2023-06-13 09:37:18,123 [AetherRepositoryConnector-repo1.maven.org-0-3] INFO  o.e.m.c.i.e.AbstractTransferListenerAdapter - Downloaded https://repo1.maven.org/maven2/org/slf4j/log4j-over-slf4j/1.7.36/log4j-over-slf4j-1.7.36.jar
2023-06-13 09:37:18,130 [AetherRepositoryConnector-repo1.maven.org-0-1] INFO  o.e.m.c.i.e.AbstractTransferListenerAdapter - Downloaded https://repo1.maven.org/maven2/org/apache/logging/log4j/log4j-core/2.17.2/log4j-core-2.17.2.jar
2023-06-13 09:37:18,277 [AetherRepositoryConnector-repo1.maven.org-0-3] INFO  o.e.m.c.i.e.AbstractTransferListenerAdapter - Downloading https://repo1.maven.org/maven2/com/sun/mail/javax.mail/1.5.0/javax.mail-1.5.0.jar
2023-06-13 09:37:18,301 [AetherRepositoryConnector-repo1.maven.org-0-0] INFO  o.e.m.c.i.e.AbstractTransferListenerAdapter - Downloading https://repo1.maven.org/maven2/javax/javaee-api/7.0/javaee-api-7.0.jar
2023-06-13 09:37:18,887 [AetherRepositoryConnector-repo1.maven.org-0-2] INFO  o.e.m.c.i.e.AbstractTransferListenerAdapter - Downloaded https://repo1.maven.org/maven2/org/springframework/spring-context/5.3.20/spring-context-5.3.20.jar
2023-06-13 09:37:18,887 [AetherRepositoryConnector-repo1.maven.org-0-1] INFO  o.e.m.c.i.e.AbstractTransferListenerAdapter - Downloading https://repo1.maven.org/maven2/org/apache/ibatis/ibatis-sqlmap/2.3.4.726/ibatis-sqlmap-2.3.4.726.jar
2023-06-13 09:37:18,887 [AetherRepositoryConnector-repo1.maven.org-0-4] INFO  o.e.m.c.i.e.AbstractTransferListenerAdapter - Downloaded https://repo1.maven.org/maven2/org/springframework/spring-orm/5.3.20/spring-orm-5.3.20.jar
2023-06-13 09:37:18,922 [AetherRepositoryConnector-repo1.maven.org-0-3] INFO  o.e.m.c.i.e.AbstractTransferListenerAdapter - Downloaded https://repo1.maven.org/maven2/com/sun/mail/javax.mail/1.5.0/javax.mail-1.5.0.jar
2023-06-13 09:37:19,040 [AetherRepositoryConnector-repo1.maven.org-0-4] INFO  o.e.m.c.i.e.AbstractTransferListenerAdapter - Downloaded https://repo1.maven.org/maven2/org/egovframe/rte/org.egovframe.rte.fdl.idgnr/4.1.0/org.egovframe.rte.fdl.idgnr-4.1.0.jar
2023-06-13 09:37:19,063 [AetherRepositoryConnector-repo1.maven.org-0-2] INFO  o.e.m.c.i.e.AbstractTransferListenerAdapter - Downloading https://repo1.maven.org/maven2/org/mybatis/mybatis/3.5.10/mybatis-3.5.10.jar
2023-06-13 09:37:19,497 [AetherRepositoryConnector-repo1.maven.org-0-3] INFO  o.e.m.c.i.e.AbstractTransferListenerAdapter - Downloaded https://repo1.maven.org/maven2/org/egovframe/rte/org.egovframe.rte.fdl.property/4.1.0/org.egovframe.rte.fdl.property-4.1.0.jar
2023-06-13 09:37:19,498 [AetherRepositoryConnector-repo1.maven.org-0-0] INFO  o.e.m.c.i.e.AbstractTransferListenerAdapter - Downloaded https://repo1.maven.org/maven2/javax/javaee-api/7.0/javaee-api-7.0.jar
2023-06-13 09:37:19,499 [AetherRepositoryConnector-repo1.maven.org-0-1] INFO  o.e.m.c.i.e.AbstractTransferListenerAdapter - Downloaded https://repo1.maven.org/maven2/org/apache/ibatis/ibatis-sqlmap/2.3.4.726/ibatis-sqlmap-2.3.4.726.jar
2023-06-13 09:37:19,499 [AetherRepositoryConnector-repo1.maven.org-0-4] INFO  o.e.m.c.i.e.AbstractTransferListenerAdapter - Downloading https://repo1.maven.org/maven2/org/springframework/spring-web/5.3.20/spring-web-5.3.20.jar
2023-06-13 09:37:19,990 [AetherRepositoryConnector-repo1.maven.org-0-0] INFO  o.e.m.c.i.e.AbstractTransferListenerAdapter - Downloading https://repo1.maven.org/maven2/javax/servlet/javax.servlet-api/3.1.0/javax.servlet-api-3.1.0.jar
2023-06-13 09:37:20,015 [AetherRepositoryConnector-repo1.maven.org-0-1] INFO  o.e.m.c.i.e.AbstractTransferListenerAdapter - Downloading https://repo1.maven.org/maven2/javax/servlet/jsp/jstl/jstl-api/1.2/jstl-api-1.2.jar
2023-06-13 09:37:20,017 [AetherRepositoryConnector-repo1.maven.org-0-3] INFO  o.e.m.c.i.e.AbstractTransferListenerAdapter - Downloading https://repo1.maven.org/maven2/org/springframework/spring-jdbc/5.3.20/spring-jdbc-5.3.20.jar
2023-06-13 09:37:20,017 [AetherRepositoryConnector-repo1.maven.org-0-2] INFO  o.e.m.c.i.e.AbstractTransferListenerAdapter - Downloaded https://repo1.maven.org/maven2/org/mybatis/mybatis/3.5.10/mybatis-3.5.10.jar
2023-06-13 09:37:20,160 [AetherRepositoryConnector-repo1.maven.org-0-4] INFO  o.e.m.c.i.e.AbstractTransferListenerAdapter - Downloaded https://repo1.maven.org/maven2/org/springframework/spring-web/5.3.20/spring-web-5.3.20.jar
2023-06-13 09:37:20,198 [AetherRepositoryConnector-repo1.maven.org-0-2] INFO  o.e.m.c.i.e.AbstractTransferListenerAdapter - Downloading https://repo1.maven.org/maven2/javax/servlet/jsp/jsp-api/2.1/jsp-api-2.1.jar
2023-06-13 09:37:20,200 [AetherRepositoryConnector-repo1.maven.org-0-0] INFO  o.e.m.c.i.e.AbstractTransferListenerAdapter - Downloaded https://repo1.maven.org/maven2/javax/servlet/javax.servlet-api/3.1.0/javax.servlet-api-3.1.0.jar
2023-06-13 09:37:20,221 [AetherRepositoryConnector-repo1.maven.org-0-1] INFO  o.e.m.c.i.e.AbstractTransferListenerAdapter - Downloaded https://repo1.maven.org/maven2/javax/servlet/jsp/jstl/jstl-api/1.2/jstl-api-1.2.jar
2023-06-13 09:37:20,343 [AetherRepositoryConnector-repo1.maven.org-0-0] INFO  o.e.m.c.i.e.AbstractTransferListenerAdapter - Downloading https://repo1.maven.org/maven2/org/antlr/antlr-runtime/3.5/antlr-runtime-3.5.jar
2023-06-13 09:37:20,376 [AetherRepositoryConnector-repo1.maven.org-0-4] INFO  o.e.m.c.i.e.AbstractTransferListenerAdapter - Downloading https://repo1.maven.org/maven2/org/antlr/antlr/3.5/antlr-3.5.jar
2023-06-13 09:37:20,376 [AetherRepositoryConnector-repo1.maven.org-0-3] INFO  o.e.m.c.i.e.AbstractTransferListenerAdapter - Downloaded https://repo1.maven.org/maven2/org/springframework/spring-jdbc/5.3.20/spring-jdbc-5.3.20.jar
2023-06-13 09:37:20,569 [AetherRepositoryConnector-repo1.maven.org-0-1] INFO  o.e.m.c.i.e.AbstractTransferListenerAdapter - Downloading https://repo1.maven.org/maven2/org/antlr/stringtemplate/3.2.1/stringtemplate-3.2.1.jar
2023-06-13 09:37:20,610 [AetherRepositoryConnector-repo1.maven.org-0-2] INFO  o.e.m.c.i.e.AbstractTransferListenerAdapter - Downloaded https://repo1.maven.org/maven2/javax/servlet/jsp/jsp-api/2.1/jsp-api-2.1.jar
2023-06-13 09:37:20,610 [AetherRepositoryConnector-repo1.maven.org-0-0] INFO  o.e.m.c.i.e.AbstractTransferListenerAdapter - Downloaded https://repo1.maven.org/maven2/org/antlr/antlr-runtime/3.5/antlr-runtime-3.5.jar
2023-06-13 09:37:20,610 [AetherRepositoryConnector-repo1.maven.org-0-3] INFO  o.e.m.c.i.e.AbstractTransferListenerAdapter - Downloading https://repo1.maven.org/maven2/org/antlr/ST4/4.0.7/ST4-4.0.7.jar
2023-06-13 09:37:20,795 [AetherRepositoryConnector-repo1.maven.org-0-4] INFO  o.e.m.c.i.e.AbstractTransferListenerAdapter - Downloaded https://repo1.maven.org/maven2/org/antlr/antlr/3.5/antlr-3.5.jar
2023-06-13 09:37:20,798 [AetherRepositoryConnector-repo1.maven.org-0-1] INFO  o.e.m.c.i.e.AbstractTransferListenerAdapter - Downloaded https://repo1.maven.org/maven2/org/antlr/stringtemplate/3.2.1/stringtemplate-3.2.1.jar
2023-06-13 09:37:20,813 [AetherRepositoryConnector-repo1.maven.org-0-2] INFO  o.e.m.c.i.e.AbstractTransferListenerAdapter - Downloading https://repo1.maven.org/maven2/org/hsqldb/hsqldb/2.5.2/hsqldb-2.5.2.jar
2023-06-13 09:37:21,233 [AetherRepositoryConnector-repo1.maven.org-0-3] INFO  o.e.m.c.i.e.AbstractTransferListenerAdapter - Downloaded https://repo1.maven.org/maven2/org/antlr/ST4/4.0.7/ST4-4.0.7.jar
2023-06-13 09:37:21,413 [AetherRepositoryConnector-repo1.maven.org-0-2] INFO  o.e.m.c.i.e.AbstractTransferListenerAdapter - Downloaded https://repo1.maven.org/maven2/org/hsqldb/hsqldb/2.5.2/hsqldb-2.5.2.jar
2023-06-13 09:37:21,497 [AetherRepositoryConnector-maven.egovframe.go.kr-1-1] INFO  o.e.m.c.i.e.AbstractTransferListenerAdapter - Downloading https://maven.egovframe.go.kr/maven/org/egovframe/rte/org.egovframe.rte.fdl.cmmn/4.1.0/org.egovframe.rte.fdl.cmmn-4.1.0.jar
2023-06-13 09:37:21,514 [AetherRepositoryConnector-maven.egovframe.go.kr-1-3] INFO  o.e.m.c.i.e.AbstractTransferListenerAdapter - Downloading https://maven.egovframe.go.kr/maven/org/egovframe/rte/org.egovframe.rte.psl.dataaccess/4.1.0/org.egovframe.rte.psl.dataaccess-4.1.0.jar
2023-06-13 09:37:21,515 [AetherRepositoryConnector-maven.egovframe.go.kr-1-0] INFO  o.e.m.c.i.e.AbstractTransferListenerAdapter - Downloading https://maven.egovframe.go.kr/maven/org/egovframe/rte/org.egovframe.rte.ptl.mvc/4.1.0/org.egovframe.rte.ptl.mvc-4.1.0.jar
2023-06-13 09:37:21,520 [AetherRepositoryConnector-maven.egovframe.go.kr-1-2] INFO  o.e.m.c.i.e.AbstractTransferListenerAdapter - Downloading https://maven.egovframe.go.kr/maven/org/egovframe/rte/spring-modules-validation/0.9/spring-modules-validation-0.9.jar
2023-06-13 09:37:21,520 [AetherRepositoryConnector-maven.egovframe.go.kr-1-4] INFO  o.e.m.c.i.e.AbstractTransferListenerAdapter - Downloading https://maven.egovframe.go.kr/maven/org/egovframe/rte/org.egovframe.rte.fdl.logging/4.1.0/org.egovframe.rte.fdl.logging-4.1.0.jar
2023-06-13 09:37:21,550 [AetherRepositoryConnector-maven.egovframe.go.kr-1-4] INFO  o.e.m.c.i.e.AbstractTransferListenerAdapter - Downloaded https://maven.egovframe.go.kr/maven/org/egovframe/rte/org.egovframe.rte.fdl.logging/4.1.0/org.egovframe.rte.fdl.logging-4.1.0.jar
2023-06-13 09:37:21,550 [AetherRepositoryConnector-maven.egovframe.go.kr-1-1] INFO  o.e.m.c.i.e.AbstractTransferListenerAdapter - Downloaded https://maven.egovframe.go.kr/maven/org/egovframe/rte/org.egovframe.rte.fdl.cmmn/4.1.0/org.egovframe.rte.fdl.cmmn-4.1.0.jar
2023-06-13 09:37:21,568 [AetherRepositoryConnector-maven.egovframe.go.kr-1-0] INFO  o.e.m.c.i.e.AbstractTransferListenerAdapter - Downloaded https://maven.egovframe.go.kr/maven/org/egovframe/rte/org.egovframe.rte.ptl.mvc/4.1.0/org.egovframe.rte.ptl.mvc-4.1.0.jar
2023-06-13 09:37:21,572 [AetherRepositoryConnector-maven.egovframe.go.kr-1-1] INFO  o.e.m.c.i.e.AbstractTransferListenerAdapter - Downloading https://maven.egovframe.go.kr/maven/org/egovframe/rte/org.egovframe.rte.fdl.property/4.1.0/org.egovframe.rte.fdl.property-4.1.0.jar
2023-06-13 09:37:21,573 [AetherRepositoryConnector-maven.egovframe.go.kr-1-4] INFO  o.e.m.c.i.e.AbstractTransferListenerAdapter - Downloading https://maven.egovframe.go.kr/maven/org/egovframe/rte/org.egovframe.rte.fdl.idgnr/4.1.0/org.egovframe.rte.fdl.idgnr-4.1.0.jar
2023-06-13 09:37:21,595 [AetherRepositoryConnector-maven.egovframe.go.kr-1-3] INFO  o.e.m.c.i.e.AbstractTransferListenerAdapter - Downloaded https://maven.egovframe.go.kr/maven/org/egovframe/rte/org.egovframe.rte.psl.dataaccess/4.1.0/org.egovframe.rte.psl.dataaccess-4.1.0.jar
2023-06-13 09:37:21,611 [AetherRepositoryConnector-maven.egovframe.go.kr-1-1] INFO  o.e.m.c.i.e.AbstractTransferListenerAdapter - Downloaded https://maven.egovframe.go.kr/maven/org/egovframe/rte/org.egovframe.rte.fdl.property/4.1.0/org.egovframe.rte.fdl.property-4.1.0.jar
2023-06-13 09:37:21,880 [AetherRepositoryConnector-maven.egovframe.go.kr-1-4] INFO  o.e.m.c.i.e.AbstractTransferListenerAdapter - Downloaded https://maven.egovframe.go.kr/maven/org/egovframe/rte/org.egovframe.rte.fdl.idgnr/4.1.0/org.egovframe.rte.fdl.idgnr-4.1.0.jar
2023-06-13 09:37:22,098 [AetherRepositoryConnector-maven.egovframe.go.kr-1-2] INFO  o.e.m.c.i.e.AbstractTransferListenerAdapter - Downloaded https://maven.egovframe.go.kr/maven/org/egovframe/rte/spring-modules-validation/0.9/spring-modules-validation-0.9.jar
2023-06-13 09:37:22,128 [main] INFO  o.e.m.c.i.e.AbstractTransferListenerAdapter - Downloading https://repo.maven.apache.org/maven2/org/codehaus/mojo/emma-maven-plugin/1.0-alpha-3/emma-maven-plugin-1.0-alpha-3.pom
2023-06-13 09:37:22,136 [main] INFO  o.e.m.c.i.e.AbstractTransferListenerAdapter - Downloaded https://repo.maven.apache.org/maven2/org/codehaus/mojo/emma-maven-plugin/1.0-alpha-3/emma-maven-plugin-1.0-alpha-3.pom
2023-06-13 09:37:22,143 [main] INFO  o.e.m.c.i.e.AbstractTransferListenerAdapter - Downloading https://repo.maven.apache.org/maven2/org/codehaus/mojo/mojo-parent/27/mojo-parent-27.pom
2023-06-13 09:37:22,157 [main] INFO  o.e.m.c.i.e.AbstractTransferListenerAdapter - Downloaded https://repo.maven.apache.org/maven2/org/codehaus/mojo/mojo-parent/27/mojo-parent-27.pom
2023-06-13 09:37:22,173 [main] INFO  o.e.m.c.i.e.AbstractTransferListenerAdapter - Downloading https://repo.maven.apache.org/maven2/org/codehaus/codehaus-parent/3/codehaus-parent-3.pom
2023-06-13 09:37:22,179 [main] INFO  o.e.m.c.i.e.AbstractTransferListenerAdapter - Downloaded https://repo.maven.apache.org/maven2/org/codehaus/codehaus-parent/3/codehaus-parent-3.pom
2023-06-13 09:37:22,185 [main] INFO  o.e.m.c.i.e.AbstractTransferListenerAdapter - Downloading https://repo.maven.apache.org/maven2/org/codehaus/mojo/emma-maven-plugin/1.0-alpha-3/emma-maven-plugin-1.0-alpha-3.jar
2023-06-13 09:37:22,202 [main] INFO  o.e.m.c.i.e.AbstractTransferListenerAdapter - Downloaded https://repo.maven.apache.org/maven2/org/codehaus/mojo/emma-maven-plugin/1.0-alpha-3/emma-maven-plugin-1.0-alpha-3.jar
2023-06-13 09:37:22,218 [main] INFO  o.e.m.c.i.e.AbstractTransferListenerAdapter - Downloading https://repo.maven.apache.org/maven2/org/apache/maven/plugins/maven-javadoc-plugin/3.4.0/maven-javadoc-plugin-3.4.0.pom
2023-06-13 09:37:22,229 [main] INFO  o.e.m.c.i.e.AbstractTransferListenerAdapter - Downloaded https://repo.maven.apache.org/maven2/org/apache/maven/plugins/maven-javadoc-plugin/3.4.0/maven-javadoc-plugin-3.4.0.pom
2023-06-13 09:37:22,241 [main] INFO  o.e.m.c.i.e.AbstractTransferListenerAdapter - Downloading https://repo.maven.apache.org/maven2/org/apache/maven/plugins/maven-javadoc-plugin/3.4.0/maven-javadoc-plugin-3.4.0.jar
2023-06-13 09:37:22,369 [main] INFO  o.e.m.c.i.e.AbstractTransferListenerAdapter - Downloaded https://repo.maven.apache.org/maven2/org/apache/maven/plugins/maven-javadoc-plugin/3.4.0/maven-javadoc-plugin-3.4.0.jar
2023-06-13 09:37:22,406 [main] INFO  o.e.m.c.i.e.AbstractTransferListenerAdapter - Downloading https://repo.maven.apache.org/maven2/org/apache/maven/plugins/maven-war-plugin/3.3.2/maven-war-plugin-3.3.2.pom
2023-06-13 09:37:22,426 [main] INFO  o.e.m.c.i.e.AbstractTransferListenerAdapter - Downloaded https://repo.maven.apache.org/maven2/org/apache/maven/plugins/maven-war-plugin/3.3.2/maven-war-plugin-3.3.2.pom
2023-06-13 09:37:22,477 [main] INFO  o.e.m.c.i.e.AbstractTransferListenerAdapter - Downloading https://repo.maven.apache.org/maven2/org/apache/maven/maven-archiver/3.5.0/maven-archiver-3.5.0.pom
2023-06-13 09:37:22,486 [main] INFO  o.e.m.c.i.e.AbstractTransferListenerAdapter - Downloaded https://repo.maven.apache.org/maven2/org/apache/maven/maven-archiver/3.5.0/maven-archiver-3.5.0.pom
2023-06-13 09:37:22,510 [main] INFO  o.e.m.c.i.e.AbstractTransferListenerAdapter - Downloading https://repo.maven.apache.org/maven2/org/codehaus/plexus/plexus-archiver/4.2.0/plexus-archiver-4.2.0.pom
2023-06-13 09:37:22,515 [main] INFO  o.e.m.c.i.e.AbstractTransferListenerAdapter - Downloaded https://repo.maven.apache.org/maven2/org/codehaus/plexus/plexus-archiver/4.2.0/plexus-archiver-4.2.0.pom
2023-06-13 09:37:22,522 [main] INFO  o.e.m.c.i.e.AbstractTransferListenerAdapter - Downloading https://repo.maven.apache.org/maven2/org/apache/commons/commons-compress/1.19/commons-compress-1.19.pom
2023-06-13 09:37:22,535 [main] INFO  o.e.m.c.i.e.AbstractTransferListenerAdapter - Downloaded https://repo.maven.apache.org/maven2/org/apache/commons/commons-compress/1.19/commons-compress-1.19.pom
2023-06-13 09:37:22,556 [main] INFO  o.e.m.c.i.e.AbstractTransferListenerAdapter - Downloading https://repo.maven.apache.org/maven2/org/apache/maven/maven-archiver/3.5.0/maven-archiver-3.5.0.jar
2023-06-13 09:37:22,568 [main] INFO  o.e.m.c.i.e.AbstractTransferListenerAdapter - Downloaded https://repo.maven.apache.org/maven2/org/apache/maven/maven-archiver/3.5.0/maven-archiver-3.5.0.jar
2023-06-13 09:37:22,786 [main] INFO  o.e.m.j.i.AbstractJavaProjectConfigurator - Adding source folder /com.exam.egov01/src/main/java
2023-06-13 09:37:22,786 [main] INFO  o.e.m.j.i.AbstractJavaProjectConfigurator - Adding resource folder /com.exam.egov01/src/main/resources
2023-06-13 09:37:22,788 [main] INFO  o.e.m.j.i.AbstractJavaProjectConfigurator - Adding source folder /com.exam.egov01/src/test/java
2023-06-13 09:37:22,788 [main] INFO  o.e.m.j.i.AbstractJavaProjectConfigurator - Adding resource folder /com.exam.egov01/src/test/resources
2023-06-13 09:37:23,403 [main] INFO  o.e.m.w.i.f.ResourceFilteringBuildParticipant - Cleaning filtered folder for com.exam.egov01
2023-06-13 09:37:23,404 [main] INFO  o.e.m.c.i.p.ProjectConfigurationManager - Update completed: 25 sec
2023-06-13 09:37:23,695 [Worker-43: Building] WARN  o.e.m.c.i.embedder.EclipseLogger - Using platform encoding (UTF-8 actually) to copy filtered resources, i.e. build is platform dependent!
2023-06-13 09:37:23,698 [Worker-43: Building] INFO  o.e.m.c.i.embedder.EclipseLogger - Copying 18 resources
2023-06-13 09:37:23,706 [Worker-43: Building] WARN  o.e.m.c.i.embedder.EclipseLogger - Using platform encoding (UTF-8 actually) to copy filtered resources, i.e. build is platform dependent!
2023-06-13 09:37:23,706 [Worker-43: Building] INFO  o.e.m.c.i.embedder.EclipseLogger - Copying 0 resource
2023-06-13 09:37:23,707 [Worker-43: Building] INFO  o.e.m.w.i.f.ResourceFilteringBuildParticipant - Changed resources require a complete clean of filtered resources of com.exam.egov01
2023-06-13 09:37:23,707 [Worker-43: Building] INFO  o.e.m.w.i.f.ResourceFilteringBuildParticipant - Executing resource filtering for com.exam.egov01
2023-06-13 09:37:23,709 [Worker-43: Building] WARN  o.e.m.c.i.embedder.EclipseLogger - Using platform encoding (UTF-8 actually) to copy filtered resources, i.e. build is platform dependent!
2023-06-13 09:37:24,282 [Worker-42: Download sources and javadoc] INFO  o.e.m.c.i.e.AbstractTransferListenerAdapter - Downloaded https://repo1.maven.org/maven2/org/egovframe/rte/org.egovframe.rte.ptl.mvc/4.1.0/org.egovframe.rte.ptl.mvc-4.1.0-sources.jar
2023-06-13 09:37:24,345 [Worker-42: Download sources and javadoc] INFO  o.e.m.c.i.e.AbstractTransferListenerAdapter - Downloading https://maven.egovframe.go.kr/maven/org/egovframe/rte/org.egovframe.rte.ptl.mvc/4.1.0/org.egovframe.rte.ptl.mvc-4.1.0-sources.jar
2023-06-13 09:37:24,372 [Worker-42: Download sources and javadoc] INFO  o.e.m.c.i.e.AbstractTransferListenerAdapter - Downloaded https://maven.egovframe.go.kr/maven/org/egovframe/rte/org.egovframe.rte.ptl.mvc/4.1.0/org.egovframe.rte.ptl.mvc-4.1.0-sources.jar
2023-06-13 09:37:24,372 [Worker-42: Download sources and javadoc] INFO  o.e.m.j.internal.DownloadSourcesJob - Downloaded sources for org.egovframe.rte:org.egovframe.rte.ptl.mvc:4.1.0
2023-06-13 09:37:24,940 [Worker-42: Download sources and javadoc] INFO  o.e.m.c.i.e.AbstractTransferListenerAdapter - Downloaded https://repo1.maven.org/maven2/org/egovframe/rte/org.egovframe.rte.fdl.cmmn/4.1.0/org.egovframe.rte.fdl.cmmn-4.1.0-sources.jar
2023-06-13 09:37:25,019 [Worker-42: Download sources and javadoc] INFO  o.e.m.c.i.e.AbstractTransferListenerAdapter - Downloading https://maven.egovframe.go.kr/maven/org/egovframe/rte/org.egovframe.rte.fdl.cmmn/4.1.0/org.egovframe.rte.fdl.cmmn-4.1.0-sources.jar
2023-06-13 09:37:25,054 [Worker-42: Download sources and javadoc] INFO  o.e.m.c.i.e.AbstractTransferListenerAdapter - Downloaded https://maven.egovframe.go.kr/maven/org/egovframe/rte/org.egovframe.rte.fdl.cmmn/4.1.0/org.egovframe.rte.fdl.cmmn-4.1.0-sources.jar
2023-06-13 09:37:25,054 [Worker-42: Download sources and javadoc] INFO  o.e.m.j.internal.DownloadSourcesJob - Downloaded sources for org.egovframe.rte:org.egovframe.rte.fdl.cmmn:4.1.0
2023-06-13 09:37:25,612 [Worker-42: Download sources and javadoc] INFO  o.e.m.c.i.e.AbstractTransferListenerAdapter - Downloading https://repo1.maven.org/maven2/org/springframework/spring-context-support/5.3.20/spring-context-support-5.3.20-sources.jar
2023-06-13 09:37:26,096 [Worker-42: Download sources and javadoc] INFO  o.e.m.c.i.e.AbstractTransferListenerAdapter - Downloaded https://repo1.maven.org/maven2/org/springframework/spring-context-support/5.3.20/spring-context-support-5.3.20-sources.jar
2023-06-13 09:37:26,096 [Worker-42: Download sources and javadoc] INFO  o.e.m.j.internal.DownloadSourcesJob - Downloaded sources for org.springframework:spring-context-support:5.3.20
2023-06-13 09:37:26,663 [Worker-42: Download sources and javadoc] INFO  o.e.m.c.i.e.AbstractTransferListenerAdapter - Downloading https://repo1.maven.org/maven2/org/springframework/spring-tx/5.3.20/spring-tx-5.3.20-sources.jar
2023-06-13 09:37:27,233 [Worker-42: Download sources and javadoc] INFO  o.e.m.c.i.e.AbstractTransferListenerAdapter - Downloaded https://repo1.maven.org/maven2/org/springframework/spring-tx/5.3.20/spring-tx-5.3.20-sources.jar
2023-06-13 09:37:27,235 [Worker-42: Download sources and javadoc] INFO  o.e.m.j.internal.DownloadSourcesJob - Downloaded sources for org.springframework:spring-tx:5.3.20
2023-06-13 09:37:27,900 [Worker-42: Download sources and javadoc] INFO  o.e.m.c.i.e.AbstractTransferListenerAdapter - Downloading https://repo1.maven.org/maven2/org/aspectj/aspectjweaver/1.9.9.1/aspectjweaver-1.9.9.1-sources.jar
2023-06-13 09:37:29,277 [Worker-42: Download sources and javadoc] INFO  o.e.m.c.i.e.AbstractTransferListenerAdapter - Downloaded https://repo1.maven.org/maven2/org/aspectj/aspectjweaver/1.9.9.1/aspectjweaver-1.9.9.1-sources.jar
2023-06-13 09:37:29,279 [Worker-42: Download sources and javadoc] INFO  o.e.m.j.internal.DownloadSourcesJob - Downloaded sources for org.aspectj:aspectjweaver:1.9.9.1
2023-06-13 09:37:29,843 [Worker-42: Download sources and javadoc] INFO  o.e.m.c.i.e.AbstractTransferListenerAdapter - Downloading https://repo1.maven.org/maven2/org/aspectj/aspectjrt/1.9.9.1/aspectjrt-1.9.9.1-sources.jar
2023-06-13 09:37:30,273 [Worker-42: Download sources and javadoc] INFO  o.e.m.c.i.e.AbstractTransferListenerAdapter - Downloaded https://repo1.maven.org/maven2/org/aspectj/aspectjrt/1.9.9.1/aspectjrt-1.9.9.1-sources.jar
2023-06-13 09:37:30,276 [Worker-42: Download sources and javadoc] INFO  o.e.m.j.internal.DownloadSourcesJob - Downloaded sources for org.aspectj:aspectjrt:1.9.9.1
2023-06-13 09:37:30,962 [Worker-42: Download sources and javadoc] INFO  o.e.m.c.i.e.AbstractTransferListenerAdapter - Downloading https://repo1.maven.org/maven2/org/apache/commons/commons-lang3/3.12.0/commons-lang3-3.12.0-sources.jar
2023-06-13 09:37:32,268 [Worker-42: Download sources and javadoc] INFO  o.e.m.c.i.e.AbstractTransferListenerAdapter - Downloaded https://repo1.maven.org/maven2/org/apache/commons/commons-lang3/3.12.0/commons-lang3-3.12.0-sources.jar
2023-06-13 09:37:32,271 [Worker-42: Download sources and javadoc] INFO  o.e.m.j.internal.DownloadSourcesJob - Downloaded sources for org.apache.commons:commons-lang3:3.12.0
2023-06-13 09:37:32,851 [Worker-42: Download sources and javadoc] INFO  o.e.m.c.i.e.AbstractTransferListenerAdapter - Downloading https://repo1.maven.org/maven2/org/springframework/spring-webmvc/5.3.20/spring-webmvc-5.3.20-sources.jar
2023-06-13 09:37:33,639 [Worker-42: Download sources and javadoc] INFO  o.e.m.c.i.e.AbstractTransferListenerAdapter - Downloaded https://repo1.maven.org/maven2/org/springframework/spring-webmvc/5.3.20/spring-webmvc-5.3.20-sources.jar
2023-06-13 09:37:33,642 [Worker-42: Download sources and javadoc] INFO  o.e.m.j.internal.DownloadSourcesJob - Downloaded sources for org.springframework:spring-webmvc:5.3.20
2023-06-13 09:37:34,206 [Worker-42: Download sources and javadoc] INFO  o.e.m.c.i.e.AbstractTransferListenerAdapter - Downloading https://repo1.maven.org/maven2/org/springframework/spring-aop/5.3.20/spring-aop-5.3.20-sources.jar
2023-06-13 09:37:34,882 [Worker-42: Download sources and javadoc] INFO  o.e.m.c.i.e.AbstractTransferListenerAdapter - Downloaded https://repo1.maven.org/maven2/org/springframework/spring-aop/5.3.20/spring-aop-5.3.20-sources.jar
2023-06-13 09:37:34,885 [Worker-42: Download sources and javadoc] INFO  o.e.m.j.internal.DownloadSourcesJob - Downloaded sources for org.springframework:spring-aop:5.3.20
2023-06-13 09:37:35,515 [Worker-42: Download sources and javadoc] INFO  o.e.m.c.i.e.AbstractTransferListenerAdapter - Downloading https://repo1.maven.org/maven2/org/springframework/spring-beans/5.3.20/spring-beans-5.3.20-sources.jar
2023-06-13 09:37:36,840 [Worker-42: Download sources and javadoc] INFO  o.e.m.c.i.e.AbstractTransferListenerAdapter - Downloaded https://repo1.maven.org/maven2/org/springframework/spring-beans/5.3.20/spring-beans-5.3.20-sources.jar
2023-06-13 09:37:36,844 [Worker-42: Download sources and javadoc] INFO  o.e.m.j.internal.DownloadSourcesJob - Downloaded sources for org.springframework:spring-beans:5.3.20
2023-06-13 09:37:37,502 [Worker-42: Download sources and javadoc] INFO  o.e.m.c.i.e.AbstractTransferListenerAdapter - Downloading https://repo1.maven.org/maven2/org/springframework/spring-core/5.3.20/spring-core-5.3.20-sources.jar
2023-06-13 09:37:42,502 [Worker-42: Download sources and javadoc] INFO  o.e.m.c.i.e.AbstractTransferListenerAdapter - Downloaded https://repo1.maven.org/maven2/org/springframework/spring-core/5.3.20/spring-core-5.3.20-sources.jar
2023-06-13 09:37:42,503 [Worker-42: Download sources and javadoc] INFO  o.e.m.j.internal.DownloadSourcesJob - Downloaded sources for org.springframework:spring-core:5.3.20
2023-06-13 09:37:43,081 [Worker-42: Download sources and javadoc] INFO  o.e.m.c.i.e.AbstractTransferListenerAdapter - Downloading https://repo1.maven.org/maven2/org/springframework/spring-jcl/5.3.20/spring-jcl-5.3.20-sources.jar
2023-06-13 09:37:43,360 [Worker-42: Download sources and javadoc] INFO  o.e.m.c.i.e.AbstractTransferListenerAdapter - Downloaded https://repo1.maven.org/maven2/org/springframework/spring-jcl/5.3.20/spring-jcl-5.3.20-sources.jar
2023-06-13 09:37:43,363 [Worker-42: Download sources and javadoc] INFO  o.e.m.j.internal.DownloadSourcesJob - Downloaded sources for org.springframework:spring-jcl:5.3.20
2023-06-13 09:37:43,991 [Worker-42: Download sources and javadoc] INFO  o.e.m.c.i.e.AbstractTransferListenerAdapter - Downloading https://repo1.maven.org/maven2/org/springframework/spring-expression/5.3.20/spring-expression-5.3.20-sources.jar
2023-06-13 09:37:45,273 [Worker-42: Download sources and javadoc] INFO  o.e.m.c.i.e.AbstractTransferListenerAdapter - Downloaded https://repo1.maven.org/maven2/org/springframework/spring-expression/5.3.20/spring-expression-5.3.20-sources.jar
2023-06-13 09:37:45,276 [Worker-42: Download sources and javadoc] INFO  o.e.m.j.internal.DownloadSourcesJob - Downloaded sources for org.springframework:spring-expression:5.3.20
2023-06-13 09:37:45,897 [Worker-42: Download sources and javadoc] INFO  o.e.m.c.i.e.AbstractTransferListenerAdapter - Downloaded https://repo1.maven.org/maven2/org/egovframe/rte/spring-modules-validation/0.9/spring-modules-validation-0.9-sources.jar
2023-06-13 09:37:45,969 [Worker-42: Download sources and javadoc] INFO  o.e.m.c.i.e.AbstractTransferListenerAdapter - Downloading https://maven.egovframe.go.kr/maven/org/egovframe/rte/spring-modules-validation/0.9/spring-modules-validation-0.9-sources.jar
2023-06-13 09:37:47,074 [Worker-42: Download sources and javadoc] INFO  o.e.m.c.i.e.AbstractTransferListenerAdapter - Downloaded https://maven.egovframe.go.kr/maven/org/egovframe/rte/spring-modules-validation/0.9/spring-modules-validation-0.9-sources.jar
2023-06-13 09:37:47,075 [Worker-42: Download sources and javadoc] INFO  o.e.m.j.internal.DownloadSourcesJob - Downloaded sources for org.egovframe.rte:spring-modules-validation:0.9
2023-06-13 09:37:47,694 [Worker-42: Download sources and javadoc] INFO  o.e.m.c.i.e.AbstractTransferListenerAdapter - Downloading https://repo1.maven.org/maven2/commons-validator/commons-validator/1.7/commons-validator-1.7-sources.jar
2023-06-13 09:37:48,732 [Worker-42: Download sources and javadoc] INFO  o.e.m.c.i.e.AbstractTransferListenerAdapter - Downloaded https://repo1.maven.org/maven2/commons-validator/commons-validator/1.7/commons-validator-1.7-sources.jar
2023-06-13 09:37:48,734 [Worker-42: Download sources and javadoc] INFO  o.e.m.j.internal.DownloadSourcesJob - Downloaded sources for commons-validator:commons-validator:1.7
2023-06-13 09:37:49,397 [Worker-42: Download sources and javadoc] INFO  o.e.m.c.i.e.AbstractTransferListenerAdapter - Downloading https://repo1.maven.org/maven2/commons-beanutils/commons-beanutils/1.9.4/commons-beanutils-1.9.4-sources.jar
2023-06-13 09:37:54,086 [Worker-42: Download sources and javadoc] INFO  o.e.m.c.i.e.AbstractTransferListenerAdapter - Downloaded https://repo1.maven.org/maven2/commons-beanutils/commons-beanutils/1.9.4/commons-beanutils-1.9.4-sources.jar
2023-06-13 09:37:54,089 [Worker-42: Download sources and javadoc] INFO  o.e.m.j.internal.DownloadSourcesJob - Downloaded sources for commons-beanutils:commons-beanutils:1.9.4
2023-06-13 09:37:54,679 [Worker-42: Download sources and javadoc] INFO  o.e.m.c.i.e.AbstractTransferListenerAdapter - Downloading https://repo1.maven.org/maven2/commons-digester/commons-digester/2.1/commons-digester-2.1-sources.jar
2023-06-13 09:37:56,141 [Worker-42: Download sources and javadoc] INFO  o.e.m.c.i.e.AbstractTransferListenerAdapter - Downloaded https://repo1.maven.org/maven2/commons-digester/commons-digester/2.1/commons-digester-2.1-sources.jar
2023-06-13 09:37:56,143 [Worker-42: Download sources and javadoc] INFO  o.e.m.j.internal.DownloadSourcesJob - Downloaded sources for commons-digester:commons-digester:2.1
2023-06-13 09:37:56,751 [Worker-42: Download sources and javadoc] INFO  o.e.m.c.i.e.AbstractTransferListenerAdapter - Downloading https://repo1.maven.org/maven2/javax/annotation/javax.annotation-api/1.3.2/javax.annotation-api-1.3.2-sources.jar
2023-06-13 09:37:57,557 [Worker-42: Download sources and javadoc] INFO  o.e.m.c.i.e.AbstractTransferListenerAdapter - Downloaded https://repo1.maven.org/maven2/javax/annotation/javax.annotation-api/1.3.2/javax.annotation-api-1.3.2-sources.jar
2023-06-13 09:37:57,559 [Worker-42: Download sources and javadoc] INFO  o.e.m.j.internal.DownloadSourcesJob - Downloaded sources for javax.annotation:javax.annotation-api:1.3.2
2023-06-13 09:37:58,177 [Worker-42: Download sources and javadoc] INFO  o.e.m.c.i.e.AbstractTransferListenerAdapter - Downloaded https://repo1.maven.org/maven2/org/egovframe/rte/org.egovframe.rte.psl.dataaccess/4.1.0/org.egovframe.rte.psl.dataaccess-4.1.0-sources.jar
2023-06-13 09:37:58,246 [Worker-42: Download sources and javadoc] INFO  o.e.m.c.i.e.AbstractTransferListenerAdapter - Downloading https://maven.egovframe.go.kr/maven/org/egovframe/rte/org.egovframe.rte.psl.dataaccess/4.1.0/org.egovframe.rte.psl.dataaccess-4.1.0-sources.jar
2023-06-13 09:37:58,293 [Worker-42: Download sources and javadoc] INFO  o.e.m.c.i.e.AbstractTransferListenerAdapter - Downloaded https://maven.egovframe.go.kr/maven/org/egovframe/rte/org.egovframe.rte.psl.dataaccess/4.1.0/org.egovframe.rte.psl.dataaccess-4.1.0-sources.jar
2023-06-13 09:37:58,294 [Worker-42: Download sources and javadoc] INFO  o.e.m.j.internal.DownloadSourcesJob - Downloaded sources for org.egovframe.rte:org.egovframe.rte.psl.dataaccess:4.1.0
2023-06-13 09:37:58,911 [Worker-42: Download sources and javadoc] INFO  o.e.m.c.i.e.AbstractTransferListenerAdapter - Downloaded https://repo1.maven.org/maven2/org/egovframe/rte/org.egovframe.rte.fdl.logging/4.1.0/org.egovframe.rte.fdl.logging-4.1.0-sources.jar
2023-06-13 09:37:59,001 [Worker-42: Download sources and javadoc] INFO  o.e.m.c.i.e.AbstractTransferListenerAdapter - Downloading https://maven.egovframe.go.kr/maven/org/egovframe/rte/org.egovframe.rte.fdl.logging/4.1.0/org.egovframe.rte.fdl.logging-4.1.0-sources.jar
2023-06-13 09:37:59,021 [Worker-42: Download sources and javadoc] INFO  o.e.m.c.i.e.AbstractTransferListenerAdapter - Downloaded https://maven.egovframe.go.kr/maven/org/egovframe/rte/org.egovframe.rte.fdl.logging/4.1.0/org.egovframe.rte.fdl.logging-4.1.0-sources.jar
2023-06-13 09:37:59,021 [Worker-42: Download sources and javadoc] INFO  o.e.m.j.internal.DownloadSourcesJob - Downloaded sources for org.egovframe.rte:org.egovframe.rte.fdl.logging:4.1.0
2023-06-13 09:37:59,600 [Worker-42: Download sources and javadoc] INFO  o.e.m.c.i.e.AbstractTransferListenerAdapter - Downloading https://repo1.maven.org/maven2/org/apache/logging/log4j/log4j-core/2.17.2/log4j-core-2.17.2-sources.jar
2023-06-13 09:38:00,674 [Worker-42: Download sources and javadoc] INFO  o.e.m.c.i.e.AbstractTransferListenerAdapter - Downloaded https://repo1.maven.org/maven2/org/apache/logging/log4j/log4j-core/2.17.2/log4j-core-2.17.2-sources.jar
2023-06-13 09:38:00,676 [Worker-42: Download sources and javadoc] INFO  o.e.m.j.internal.DownloadSourcesJob - Downloaded sources for org.apache.logging.log4j:log4j-core:2.17.2
2023-06-13 09:38:01,236 [Worker-42: Download sources and javadoc] INFO  o.e.m.c.i.e.AbstractTransferListenerAdapter - Downloading https://repo1.maven.org/maven2/org/apache/logging/log4j/log4j-slf4j-impl/2.17.2/log4j-slf4j-impl-2.17.2-sources.jar
2023-06-13 09:38:01,509 [Worker-42: Download sources and javadoc] INFO  o.e.m.c.i.e.AbstractTransferListenerAdapter - Downloaded https://repo1.maven.org/maven2/org/apache/logging/log4j/log4j-slf4j-impl/2.17.2/log4j-slf4j-impl-2.17.2-sources.jar
2023-06-13 09:38:01,511 [Worker-42: Download sources and javadoc] INFO  o.e.m.j.internal.DownloadSourcesJob - Downloaded sources for org.apache.logging.log4j:log4j-slf4j-impl:2.17.2
2023-06-13 09:38:02,086 [Worker-42: Download sources and javadoc] INFO  o.e.m.c.i.e.AbstractTransferListenerAdapter - Downloading https://repo1.maven.org/maven2/org/slf4j/slf4j-api/1.7.25/slf4j-api-1.7.25-sources.jar
2023-06-13 09:38:02,416 [Worker-42: Download sources and javadoc] INFO  o.e.m.c.i.e.AbstractTransferListenerAdapter - Downloaded https://repo1.maven.org/maven2/org/slf4j/slf4j-api/1.7.25/slf4j-api-1.7.25-sources.jar
2023-06-13 09:38:02,419 [Worker-42: Download sources and javadoc] INFO  o.e.m.j.internal.DownloadSourcesJob - Downloaded sources for org.slf4j:slf4j-api:1.7.25
2023-06-13 09:38:03,030 [Worker-42: Download sources and javadoc] INFO  o.e.m.c.i.e.AbstractTransferListenerAdapter - Downloading https://repo1.maven.org/maven2/org/slf4j/log4j-over-slf4j/1.7.36/log4j-over-slf4j-1.7.36-sources.jar
2023-06-13 09:38:03,346 [Worker-42: Download sources and javadoc] INFO  o.e.m.c.i.e.AbstractTransferListenerAdapter - Downloaded https://repo1.maven.org/maven2/org/slf4j/log4j-over-slf4j/1.7.36/log4j-over-slf4j-1.7.36-sources.jar
2023-06-13 09:38:03,348 [Worker-42: Download sources and javadoc] INFO  o.e.m.j.internal.DownloadSourcesJob - Downloaded sources for org.slf4j:log4j-over-slf4j:1.7.36
2023-06-13 09:38:03,908 [Worker-42: Download sources and javadoc] INFO  o.e.m.c.i.e.AbstractTransferListenerAdapter - Downloading https://repo1.maven.org/maven2/org/springframework/spring-context/5.3.20/spring-context-5.3.20-sources.jar
2023-06-13 09:38:04,797 [Worker-42: Download sources and javadoc] INFO  o.e.m.c.i.e.AbstractTransferListenerAdapter - Downloaded https://repo1.maven.org/maven2/org/springframework/spring-context/5.3.20/spring-context-5.3.20-sources.jar
2023-06-13 09:38:04,799 [Worker-42: Download sources and javadoc] INFO  o.e.m.j.internal.DownloadSourcesJob - Downloaded sources for org.springframework:spring-context:5.3.20
2023-06-13 09:38:05,406 [Worker-42: Download sources and javadoc] INFO  o.e.m.c.i.e.AbstractTransferListenerAdapter - Downloading https://repo1.maven.org/maven2/org/springframework/spring-orm/5.3.20/spring-orm-5.3.20-sources.jar
2023-06-13 09:38:05,850 [Worker-42: Download sources and javadoc] INFO  o.e.m.c.i.e.AbstractTransferListenerAdapter - Downloaded https://repo1.maven.org/maven2/org/springframework/spring-orm/5.3.20/spring-orm-5.3.20-sources.jar
2023-06-13 09:38:05,852 [Worker-42: Download sources and javadoc] INFO  o.e.m.j.internal.DownloadSourcesJob - Downloaded sources for org.springframework:spring-orm:5.3.20
2023-06-13 09:38:06,439 [Worker-42: Download sources and javadoc] INFO  o.e.m.c.i.e.AbstractTransferListenerAdapter - Downloading https://repo1.maven.org/maven2/javax/javaee-api/7.0/javaee-api-7.0-sources.jar
2023-06-13 09:38:08,922 [Worker-42: Download sources and javadoc] INFO  o.e.m.c.i.e.AbstractTransferListenerAdapter - Downloaded https://repo1.maven.org/maven2/javax/javaee-api/7.0/javaee-api-7.0-sources.jar
2023-06-13 09:38:08,924 [Worker-42: Download sources and javadoc] INFO  o.e.m.j.internal.DownloadSourcesJob - Downloaded sources for javax:javaee-api:7.0
2023-06-13 09:38:09,494 [Worker-42: Download sources and javadoc] INFO  o.e.m.c.i.e.AbstractTransferListenerAdapter - Downloading https://repo1.maven.org/maven2/com/sun/mail/javax.mail/1.5.0/javax.mail-1.5.0-sources.jar
2023-06-13 09:38:10,734 [Worker-42: Download sources and javadoc] INFO  o.e.m.c.i.e.AbstractTransferListenerAdapter - Downloaded https://repo1.maven.org/maven2/com/sun/mail/javax.mail/1.5.0/javax.mail-1.5.0-sources.jar
2023-06-13 09:38:10,736 [Worker-42: Download sources and javadoc] INFO  o.e.m.j.internal.DownloadSourcesJob - Downloaded sources for com.sun.mail:javax.mail:1.5.0
2023-06-13 09:38:11,362 [Worker-42: Download sources and javadoc] INFO  o.e.m.c.i.e.AbstractTransferListenerAdapter - Downloading https://repo1.maven.org/maven2/javax/activation/activation/1.1/activation-1.1-sources.jar
2023-06-13 09:38:11,750 [Worker-42: Download sources and javadoc] INFO  o.e.m.c.i.e.AbstractTransferListenerAdapter - Downloaded https://repo1.maven.org/maven2/javax/activation/activation/1.1/activation-1.1-sources.jar
2023-06-13 09:38:11,752 [Worker-42: Download sources and javadoc] INFO  o.e.m.j.internal.DownloadSourcesJob - Downloaded sources for javax.activation:activation:1.1
2023-06-13 09:38:12,359 [Worker-42: Download sources and javadoc] INFO  o.e.m.c.i.e.AbstractTransferListenerAdapter - Downloading https://repo1.maven.org/maven2/org/apache/ibatis/ibatis-sqlmap/2.3.4.726/ibatis-sqlmap-2.3.4.726-sources.jar
2023-06-13 09:38:12,944 [Worker-42: Download sources and javadoc] INFO  o.e.m.c.i.e.AbstractTransferListenerAdapter - Downloaded https://repo1.maven.org/maven2/org/apache/ibatis/ibatis-sqlmap/2.3.4.726/ibatis-sqlmap-2.3.4.726-sources.jar
2023-06-13 09:38:12,946 [Worker-42: Download sources and javadoc] INFO  o.e.m.j.internal.DownloadSourcesJob - Downloaded sources for org.apache.ibatis:ibatis-sqlmap:2.3.4.726
2023-06-13 09:38:13,487 [Worker-42: Download sources and javadoc] INFO  o.e.m.c.i.e.AbstractTransferListenerAdapter - Downloading https://repo1.maven.org/maven2/org/mybatis/mybatis/3.5.10/mybatis-3.5.10-sources.jar
2023-06-13 09:38:14,263 [Worker-42: Download sources and javadoc] INFO  o.e.m.c.i.e.AbstractTransferListenerAdapter - Downloaded https://repo1.maven.org/maven2/org/mybatis/mybatis/3.5.10/mybatis-3.5.10-sources.jar
2023-06-13 09:38:14,266 [Worker-42: Download sources and javadoc] INFO  o.e.m.j.internal.DownloadSourcesJob - Downloaded sources for org.mybatis:mybatis:3.5.10
2023-06-13 09:38:14,857 [Worker-42: Download sources and javadoc] INFO  o.e.m.c.i.e.AbstractTransferListenerAdapter - Downloading https://repo1.maven.org/maven2/commons-collections/commons-collections/3.2.2/commons-collections-3.2.2-sources.jar
2023-06-13 09:38:15,664 [Worker-42: Download sources and javadoc] INFO  o.e.m.c.i.e.AbstractTransferListenerAdapter - Downloaded https://repo1.maven.org/maven2/commons-collections/commons-collections/3.2.2/commons-collections-3.2.2-sources.jar
2023-06-13 09:38:15,666 [Worker-42: Download sources and javadoc] INFO  o.e.m.j.internal.DownloadSourcesJob - Downloaded sources for commons-collections:commons-collections:3.2.2
2023-06-13 09:38:16,254 [Worker-42: Download sources and javadoc] INFO  o.e.m.c.i.e.AbstractTransferListenerAdapter - Downloaded https://repo1.maven.org/maven2/org/egovframe/rte/org.egovframe.rte.fdl.idgnr/4.1.0/org.egovframe.rte.fdl.idgnr-4.1.0-sources.jar
2023-06-13 09:38:16,355 [Worker-42: Download sources and javadoc] INFO  o.e.m.c.i.e.AbstractTransferListenerAdapter - Downloading https://maven.egovframe.go.kr/maven/org/egovframe/rte/org.egovframe.rte.fdl.idgnr/4.1.0/org.egovframe.rte.fdl.idgnr-4.1.0-sources.jar
2023-06-13 09:38:16,395 [Worker-42: Download sources and javadoc] INFO  o.e.m.c.i.e.AbstractTransferListenerAdapter - Downloaded https://maven.egovframe.go.kr/maven/org/egovframe/rte/org.egovframe.rte.fdl.idgnr/4.1.0/org.egovframe.rte.fdl.idgnr-4.1.0-sources.jar
2023-06-13 09:38:16,397 [Worker-42: Download sources and javadoc] INFO  o.e.m.j.internal.DownloadSourcesJob - Downloaded sources for org.egovframe.rte:org.egovframe.rte.fdl.idgnr:4.1.0
2023-06-13 09:38:17,026 [Worker-42: Download sources and javadoc] INFO  o.e.m.c.i.e.AbstractTransferListenerAdapter - Downloaded https://repo1.maven.org/maven2/org/egovframe/rte/org.egovframe.rte.fdl.property/4.1.0/org.egovframe.rte.fdl.property-4.1.0-sources.jar
2023-06-13 09:38:17,097 [Worker-42: Download sources and javadoc] INFO  o.e.m.c.i.e.AbstractTransferListenerAdapter - Downloading https://maven.egovframe.go.kr/maven/org/egovframe/rte/org.egovframe.rte.fdl.property/4.1.0/org.egovframe.rte.fdl.property-4.1.0-sources.jar
2023-06-13 09:38:17,129 [Worker-42: Download sources and javadoc] INFO  o.e.m.c.i.e.AbstractTransferListenerAdapter - Downloaded https://maven.egovframe.go.kr/maven/org/egovframe/rte/org.egovframe.rte.fdl.property/4.1.0/org.egovframe.rte.fdl.property-4.1.0-sources.jar
2023-06-13 09:38:17,130 [Worker-42: Download sources and javadoc] INFO  o.e.m.j.internal.DownloadSourcesJob - Downloaded sources for org.egovframe.rte:org.egovframe.rte.fdl.property:4.1.0
2023-06-13 09:38:17,832 [Worker-42: Download sources and javadoc] INFO  o.e.m.c.i.e.AbstractTransferListenerAdapter - Downloading https://repo1.maven.org/maven2/org/springframework/spring-web/5.3.20/spring-web-5.3.20-sources.jar
2023-06-13 09:38:21,766 [Worker-42: Download sources and javadoc] INFO  o.e.m.c.i.e.AbstractTransferListenerAdapter - Downloaded https://repo1.maven.org/maven2/org/springframework/spring-web/5.3.20/spring-web-5.3.20-sources.jar
2023-06-13 09:38:21,768 [Worker-42: Download sources and javadoc] INFO  o.e.m.j.internal.DownloadSourcesJob - Downloaded sources for org.springframework:spring-web:5.3.20
2023-06-13 09:38:22,540 [Worker-42: Download sources and javadoc] INFO  o.e.m.c.i.e.AbstractTransferListenerAdapter - Downloading https://repo1.maven.org/maven2/org/springframework/spring-jdbc/5.3.20/spring-jdbc-5.3.20-sources.jar
2023-06-13 09:38:23,514 [Worker-42: Download sources and javadoc] INFO  o.e.m.c.i.e.AbstractTransferListenerAdapter - Downloaded https://repo1.maven.org/maven2/org/springframework/spring-jdbc/5.3.20/spring-jdbc-5.3.20-sources.jar
2023-06-13 09:38:23,517 [Worker-42: Download sources and javadoc] INFO  o.e.m.j.internal.DownloadSourcesJob - Downloaded sources for org.springframework:spring-jdbc:5.3.20
2023-06-13 09:38:24,277 [Worker-42: Download sources and javadoc] INFO  o.e.m.c.i.e.AbstractTransferListenerAdapter - Downloading https://repo1.maven.org/maven2/javax/servlet/javax.servlet-api/3.1.0/javax.servlet-api-3.1.0-sources.jar
2023-06-13 09:38:24,908 [Worker-42: Download sources and javadoc] INFO  o.e.m.c.i.e.AbstractTransferListenerAdapter - Downloaded https://repo1.maven.org/maven2/javax/servlet/javax.servlet-api/3.1.0/javax.servlet-api-3.1.0-sources.jar
2023-06-13 09:38:24,910 [Worker-42: Download sources and javadoc] INFO  o.e.m.j.internal.DownloadSourcesJob - Downloaded sources for javax.servlet:javax.servlet-api:3.1.0
2023-06-13 09:38:25,747 [Worker-42: Download sources and javadoc] INFO  o.e.m.c.i.e.AbstractTransferListenerAdapter - Downloading https://repo1.maven.org/maven2/javax/servlet/jsp/jstl/jstl-api/1.2/jstl-api-1.2-sources.jar
2023-06-13 09:38:26,082 [Worker-42: Download sources and javadoc] INFO  o.e.m.c.i.e.AbstractTransferListenerAdapter - Downloaded https://repo1.maven.org/maven2/javax/servlet/jsp/jstl/jstl-api/1.2/jstl-api-1.2-sources.jar
2023-06-13 09:38:26,084 [Worker-42: Download sources and javadoc] INFO  o.e.m.j.internal.DownloadSourcesJob - Downloaded sources for javax.servlet.jsp.jstl:jstl-api:1.2
2023-06-13 09:38:26,644 [Worker-42: Download sources and javadoc] INFO  o.e.m.c.i.e.AbstractTransferListenerAdapter - Downloading https://repo1.maven.org/maven2/javax/servlet/jsp/jsp-api/2.1/jsp-api-2.1-sources.jar
2023-06-13 09:38:27,301 [Worker-42: Download sources and javadoc] INFO  o.e.m.c.i.e.AbstractTransferListenerAdapter - Downloaded https://repo1.maven.org/maven2/javax/servlet/jsp/jsp-api/2.1/jsp-api-2.1-sources.jar
2023-06-13 09:38:27,303 [Worker-42: Download sources and javadoc] INFO  o.e.m.j.internal.DownloadSourcesJob - Downloaded sources for javax.servlet.jsp:jsp-api:2.1
2023-06-13 09:38:28,252 [Worker-42: Download sources and javadoc] INFO  o.e.m.c.i.e.AbstractTransferListenerAdapter - Downloading https://repo1.maven.org/maven2/org/antlr/antlr/3.5/antlr-3.5-sources.jar
2023-06-13 09:38:29,761 [Worker-42: Download sources and javadoc] INFO  o.e.m.c.i.e.AbstractTransferListenerAdapter - Downloaded https://repo1.maven.org/maven2/org/antlr/antlr/3.5/antlr-3.5-sources.jar
2023-06-13 09:38:29,763 [Worker-42: Download sources and javadoc] INFO  o.e.m.j.internal.DownloadSourcesJob - Downloaded sources for org.antlr:antlr:3.5
2023-06-13 09:38:30,444 [Worker-42: Download sources and javadoc] INFO  o.e.m.c.i.e.AbstractTransferListenerAdapter - Downloading https://repo1.maven.org/maven2/org/antlr/antlr-runtime/3.5/antlr-runtime-3.5-sources.jar
2023-06-13 09:38:31,121 [Worker-42: Download sources and javadoc] INFO  o.e.m.c.i.e.AbstractTransferListenerAdapter - Downloaded https://repo1.maven.org/maven2/org/antlr/antlr-runtime/3.5/antlr-runtime-3.5-sources.jar
2023-06-13 09:38:31,123 [Worker-42: Download sources and javadoc] INFO  o.e.m.j.internal.DownloadSourcesJob - Downloaded sources for org.antlr:antlr-runtime:3.5
2023-06-13 09:38:32,844 [Worker-42: Download sources and javadoc] INFO  o.e.m.c.i.e.AbstractTransferListenerAdapter - Downloading https://repo1.maven.org/maven2/org/antlr/stringtemplate/3.2.1/stringtemplate-3.2.1-sources.jar
2023-06-13 09:38:33,941 [Worker-42: Download sources and javadoc] INFO  o.e.m.c.i.e.AbstractTransferListenerAdapter - Downloaded https://repo1.maven.org/maven2/org/antlr/stringtemplate/3.2.1/stringtemplate-3.2.1-sources.jar
2023-06-13 09:38:33,943 [Worker-42: Download sources and javadoc] INFO  o.e.m.j.internal.DownloadSourcesJob - Downloaded sources for org.antlr:stringtemplate:3.2.1
2023-06-13 09:38:34,894 [Worker-42: Download sources and javadoc] INFO  o.e.m.c.i.e.AbstractTransferListenerAdapter - Downloaded https://repo1.maven.org/maven2/antlr/antlr/2.7.7/antlr-2.7.7-sources.jar
2023-06-13 09:38:34,969 [Worker-42: Download sources and javadoc] INFO  o.e.m.c.i.e.AbstractTransferListenerAdapter - Downloaded https://maven.egovframe.go.kr/maven/antlr/antlr/2.7.7/antlr-2.7.7-sources.jar
2023-06-13 09:38:34,979 [Worker-42: Download sources and javadoc] ERROR o.e.m.j.internal.DownloadSourcesJob - Could not download sources for antlr:antlr:2.7.7
org.eclipse.core.runtime.CoreException: Could not resolve artifact antlr:antlr:jar:sources:2.7.7
	at org.eclipse.m2e.core.internal.embedder.MavenImpl.lambda$6(MavenImpl.java:608)
	at org.eclipse.m2e.core.internal.embedder.MavenExecutionContext.executeBare(MavenExecutionContext.java:350)
	at org.eclipse.m2e.core.internal.embedder.MavenExecutionContext.execute(MavenExecutionContext.java:219)
	at org.eclipse.m2e.core.internal.embedder.MavenExecutionContext.execute(MavenExecutionContext.java:205)
	at org.eclipse.m2e.core.internal.embedder.MavenImpl.resolve(MavenImpl.java:577)
	at org.eclipse.m2e.core.internal.embedder.MavenImpl.resolve(MavenImpl.java:562)
	at org.eclipse.m2e.jdt.internal.DownloadSourcesJob.download(DownloadSourcesJob.java:308)
	at org.eclipse.m2e.jdt.internal.DownloadSourcesJob.downloadAttachments(DownloadSourcesJob.java:282)
	at org.eclipse.m2e.jdt.internal.DownloadSourcesJob.downloadMaven(DownloadSourcesJob.java:252)
	at org.eclipse.m2e.jdt.internal.DownloadSourcesJob.downloadFilesAndPopulateToUpdate(DownloadSourcesJob.java:220)
	at org.eclipse.m2e.jdt.internal.DownloadSourcesJob.lambda$0(DownloadSourcesJob.java:149)
	at org.eclipse.m2e.core.internal.embedder.MavenExecutionContext.executeBare(MavenExecutionContext.java:350)
	at org.eclipse.m2e.core.internal.embedder.MavenExecutionContext.execute(MavenExecutionContext.java:262)
	at org.eclipse.m2e.core.internal.embedder.MavenExecutionContext.execute(MavenExecutionContext.java:205)
	at org.eclipse.m2e.core.embedder.IMaven.execute(IMaven.java:270)
	at org.eclipse.m2e.jdt.internal.DownloadSourcesJob.run(DownloadSourcesJob.java:149)
	at org.eclipse.core.internal.jobs.Worker.run(Worker.java:63)
2023-06-13 09:38:35,861 [Worker-42: Download sources and javadoc] INFO  o.e.m.c.i.e.AbstractTransferListenerAdapter - Downloading https://repo1.maven.org/maven2/org/antlr/ST4/4.0.7/ST4-4.0.7-sources.jar
2023-06-13 09:38:36,331 [Worker-42: Download sources and javadoc] INFO  o.e.m.c.i.e.AbstractTransferListenerAdapter - Downloaded https://repo1.maven.org/maven2/org/antlr/ST4/4.0.7/ST4-4.0.7-sources.jar
2023-06-13 09:38:36,333 [Worker-42: Download sources and javadoc] INFO  o.e.m.j.internal.DownloadSourcesJob - Downloaded sources for org.antlr:ST4:4.0.7
2023-06-13 09:38:36,915 [Worker-42: Download sources and javadoc] INFO  o.e.m.c.i.e.AbstractTransferListenerAdapter - Downloading https://repo1.maven.org/maven2/org/hsqldb/hsqldb/2.5.2/hsqldb-2.5.2-sources.jar
2023-06-13 09:38:39,110 [Worker-42: Download sources and javadoc] INFO  o.e.m.c.i.e.AbstractTransferListenerAdapter - Downloaded https://repo1.maven.org/maven2/org/hsqldb/hsqldb/2.5.2/hsqldb-2.5.2-sources.jar
2023-06-13 09:38:39,113 [Worker-42: Download sources and javadoc] INFO  o.e.m.j.internal.DownloadSourcesJob - Downloaded sources for org.hsqldb:hsqldb:2.5.2
2023-06-13 09:38:39,262 [Worker-40: Building] WARN  o.e.m.c.i.embedder.EclipseLogger - Using platform encoding (UTF-8 actually) to copy filtered resources, i.e. build is platform dependent!
2023-06-13 09:38:39,263 [Worker-40: Building] INFO  o.e.m.c.i.embedder.EclipseLogger - Copying 0 resource
2023-06-13 09:38:39,263 [Worker-40: Building] WARN  o.e.m.c.i.embedder.EclipseLogger - Using platform encoding (UTF-8 actually) to copy filtered resources, i.e. build is platform dependent!
2023-06-13 09:38:39,263 [Worker-40: Building] INFO  o.e.m.c.i.embedder.EclipseLogger - Copying 0 resource
2023-06-13 09:41:00,798 [Worker-42: Building] WARN  o.e.m.c.i.embedder.EclipseLogger - Using platform encoding (UTF-8 actually) to copy filtered resources, i.e. build is platform dependent!
2023-06-13 09:41:00,799 [Worker-42: Building] INFO  o.e.m.c.i.embedder.EclipseLogger - Copying 0 resource
2023-06-13 09:41:00,799 [Worker-42: Building] WARN  o.e.m.c.i.embedder.EclipseLogger - Using platform encoding (UTF-8 actually) to copy filtered resources, i.e. build is platform dependent!
2023-06-13 09:41:00,800 [Worker-42: Building] INFO  o.e.m.c.i.embedder.EclipseLogger - Copying 0 resource
2023-06-13 09:45:50,413 [Worker-50: Building] WARN  o.e.m.c.i.embedder.EclipseLogger - Using platform encoding (UTF-8 actually) to copy filtered resources, i.e. build is platform dependent!
2023-06-13 09:45:50,414 [Worker-50: Building] INFO  o.e.m.c.i.embedder.EclipseLogger - Copying 0 resource
2023-06-13 09:45:50,414 [Worker-50: Building] WARN  o.e.m.c.i.embedder.EclipseLogger - Using platform encoding (UTF-8 actually) to copy filtered resources, i.e. build is platform dependent!
2023-06-13 09:45:50,415 [Worker-50: Building] INFO  o.e.m.c.i.embedder.EclipseLogger - Copying 0 resource
2023-06-13 10:22:29,279 [Worker-53: Building] INFO  o.e.m.c.i.l.LifecycleMappingFactory - Using org.maven.ide.eclipse.wtp.WarLifecycleMapping lifecycle mapping for MavenProject: com.exam:egov01:1.0.0 @ /Users/ksy/Desktop/KIC_JAVA_PRAC/eGovFrame/com.exam.egov01/pom.xml.
2023-06-13 10:22:32,512 [Worker-53: Building] INFO  o.e.m.c.i.e.AbstractTransferListenerAdapter - Downloading https://repo1.maven.org/maven2/org/apache/commons/commons-dbcp2/2.9.0/commons-dbcp2-2.9.0.pom
2023-06-13 10:22:32,920 [Worker-53: Building] INFO  o.e.m.c.i.e.AbstractTransferListenerAdapter - Downloaded https://repo1.maven.org/maven2/org/apache/commons/commons-dbcp2/2.9.0/commons-dbcp2-2.9.0.pom
2023-06-13 10:22:33,089 [Worker-53: Building] INFO  o.e.m.c.i.e.AbstractTransferListenerAdapter - Downloading https://repo1.maven.org/maven2/org/junit/junit-bom/5.8.0-M1/junit-bom-5.8.0-M1.pom
2023-06-13 10:22:33,316 [Worker-53: Building] INFO  o.e.m.c.i.e.AbstractTransferListenerAdapter - Downloaded https://repo1.maven.org/maven2/org/junit/junit-bom/5.8.0-M1/junit-bom-5.8.0-M1.pom
2023-06-13 10:22:34,479 [Worker-53: Building] INFO  o.e.m.c.i.e.AbstractTransferListenerAdapter - Downloading https://repo1.maven.org/maven2/commons-logging/commons-logging/1.2/commons-logging-1.2.pom
2023-06-13 10:22:35,175 [Worker-53: Building] INFO  o.e.m.c.i.e.AbstractTransferListenerAdapter - Downloaded https://repo1.maven.org/maven2/commons-logging/commons-logging/1.2/commons-logging-1.2.pom
2023-06-13 10:22:35,328 [Worker-53: Building] INFO  o.e.m.c.i.e.AbstractTransferListenerAdapter - Downloading https://repo1.maven.org/maven2/org/apache/commons/commons-parent/34/commons-parent-34.pom
2023-06-13 10:22:36,597 [Worker-53: Building] INFO  o.e.m.c.i.e.AbstractTransferListenerAdapter - Downloaded https://repo1.maven.org/maven2/org/apache/commons/commons-parent/34/commons-parent-34.pom
2023-06-13 10:22:36,737 [Worker-53: Building] WARN  o.e.m.c.i.embedder.EclipseLogger - Using platform encoding (UTF-8 actually) to copy filtered resources, i.e. build is platform dependent!
2023-06-13 10:22:36,738 [Worker-53: Building] INFO  o.e.m.c.i.embedder.EclipseLogger - Copying 0 resource
2023-06-13 10:22:36,739 [Worker-53: Building] WARN  o.e.m.c.i.embedder.EclipseLogger - Using platform encoding (UTF-8 actually) to copy filtered resources, i.e. build is platform dependent!
2023-06-13 10:22:36,739 [Worker-53: Building] INFO  o.e.m.c.i.embedder.EclipseLogger - Copying 0 resource
2023-06-13 10:22:36,739 [Worker-53: Building] INFO  o.e.m.w.i.f.ResourceFilteringBuildParticipant - Changed resources require a complete clean of filtered resources of com.exam.egov01
2023-06-13 10:22:36,739 [Worker-53: Building] INFO  o.e.m.w.i.f.ResourceFilteringBuildParticipant - Executing resource filtering for com.exam.egov01
2023-06-13 10:22:36,740 [Worker-53: Building] WARN  o.e.m.c.i.embedder.EclipseLogger - Using platform encoding (UTF-8 actually) to copy filtered resources, i.e. build is platform dependent!
2023-06-13 10:22:37,976 [Worker-59: Building] WARN  o.e.m.c.i.embedder.EclipseLogger - Using platform encoding (UTF-8 actually) to copy filtered resources, i.e. build is platform dependent!
2023-06-13 10:22:37,978 [Worker-59: Building] INFO  o.e.m.c.i.embedder.EclipseLogger - Copying 18 resources
2023-06-13 10:22:37,985 [Worker-59: Building] WARN  o.e.m.c.i.embedder.EclipseLogger - Using platform encoding (UTF-8 actually) to copy filtered resources, i.e. build is platform dependent!
2023-06-13 10:22:37,985 [Worker-59: Building] INFO  o.e.m.c.i.embedder.EclipseLogger - Copying 0 resource
2023-06-13 10:22:38,285 [Worker-61: Download sources and javadoc] INFO  o.e.m.c.i.e.AbstractTransferListenerAdapter - Downloaded https://repo1.maven.org/maven2/antlr/antlr/2.7.7/antlr-2.7.7-javadoc.jar
2023-06-13 10:22:38,411 [Worker-61: Download sources and javadoc] INFO  o.e.m.c.i.e.AbstractTransferListenerAdapter - Downloaded https://maven.egovframe.go.kr/maven/antlr/antlr/2.7.7/antlr-2.7.7-javadoc.jar
2023-06-13 10:22:38,414 [Worker-61: Download sources and javadoc] ERROR o.e.m.j.internal.DownloadSourcesJob - Could not download javadoc for antlr:antlr:2.7.7
org.eclipse.core.runtime.CoreException: Could not resolve artifact antlr:antlr:jar:javadoc:2.7.7
	at org.eclipse.m2e.core.internal.embedder.MavenImpl.lambda$6(MavenImpl.java:608)
	at org.eclipse.m2e.core.internal.embedder.MavenExecutionContext.executeBare(MavenExecutionContext.java:350)
	at org.eclipse.m2e.core.internal.embedder.MavenExecutionContext.execute(MavenExecutionContext.java:219)
	at org.eclipse.m2e.core.internal.embedder.MavenExecutionContext.execute(MavenExecutionContext.java:205)
	at org.eclipse.m2e.core.internal.embedder.MavenImpl.resolve(MavenImpl.java:577)
	at org.eclipse.m2e.core.internal.embedder.MavenImpl.resolve(MavenImpl.java:562)
	at org.eclipse.m2e.jdt.internal.DownloadSourcesJob.download(DownloadSourcesJob.java:308)
	at org.eclipse.m2e.jdt.internal.DownloadSourcesJob.downloadAttachments(DownloadSourcesJob.java:294)
	at org.eclipse.m2e.jdt.internal.DownloadSourcesJob.downloadMaven(DownloadSourcesJob.java:252)
	at org.eclipse.m2e.jdt.internal.DownloadSourcesJob.downloadFilesAndPopulateToUpdate(DownloadSourcesJob.java:220)
	at org.eclipse.m2e.jdt.internal.DownloadSourcesJob.lambda$0(DownloadSourcesJob.java:149)
	at org.eclipse.m2e.core.internal.embedder.MavenExecutionContext.executeBare(MavenExecutionContext.java:350)
	at org.eclipse.m2e.core.internal.embedder.MavenExecutionContext.execute(MavenExecutionContext.java:262)
	at org.eclipse.m2e.core.internal.embedder.MavenExecutionContext.execute(MavenExecutionContext.java:205)
	at org.eclipse.m2e.core.embedder.IMaven.execute(IMaven.java:270)
	at org.eclipse.m2e.jdt.internal.DownloadSourcesJob.run(DownloadSourcesJob.java:149)
	at org.eclipse.core.internal.jobs.Worker.run(Worker.java:63)
2023-06-13 10:22:38,982 [Worker-61: Download sources and javadoc] INFO  o.e.m.c.i.e.AbstractTransferListenerAdapter - Downloading https://repo1.maven.org/maven2/com/googlecode/log4jdbc/log4jdbc/1.2/log4jdbc-1.2-sources.jar
2023-06-13 10:22:39,283 [Worker-61: Download sources and javadoc] INFO  o.e.m.c.i.e.AbstractTransferListenerAdapter - Downloaded https://repo1.maven.org/maven2/com/googlecode/log4jdbc/log4jdbc/1.2/log4jdbc-1.2-sources.jar
2023-06-13 10:22:39,283 [Worker-61: Download sources and javadoc] INFO  o.e.m.j.internal.DownloadSourcesJob - Downloaded sources for com.googlecode.log4jdbc:log4jdbc:1.2
2023-06-13 10:22:39,876 [Worker-61: Download sources and javadoc] INFO  o.e.m.c.i.e.AbstractTransferListenerAdapter - Downloading https://repo1.maven.org/maven2/org/apache/commons/commons-dbcp2/2.9.0/commons-dbcp2-2.9.0-sources.jar
2023-06-13 10:22:40,366 [Worker-61: Download sources and javadoc] INFO  o.e.m.c.i.e.AbstractTransferListenerAdapter - Downloaded https://repo1.maven.org/maven2/org/apache/commons/commons-dbcp2/2.9.0/commons-dbcp2-2.9.0-sources.jar
2023-06-13 10:22:40,368 [Worker-61: Download sources and javadoc] INFO  o.e.m.j.internal.DownloadSourcesJob - Downloaded sources for org.apache.commons:commons-dbcp2:2.9.0
2023-06-13 10:22:40,940 [Worker-61: Download sources and javadoc] INFO  o.e.m.c.i.e.AbstractTransferListenerAdapter - Downloading https://repo1.maven.org/maven2/org/apache/commons/commons-pool2/2.10.0/commons-pool2-2.10.0-sources.jar
2023-06-13 10:22:41,382 [Worker-61: Download sources and javadoc] INFO  o.e.m.c.i.e.AbstractTransferListenerAdapter - Downloaded https://repo1.maven.org/maven2/org/apache/commons/commons-pool2/2.10.0/commons-pool2-2.10.0-sources.jar
2023-06-13 10:22:41,384 [Worker-61: Download sources and javadoc] INFO  o.e.m.j.internal.DownloadSourcesJob - Downloaded sources for org.apache.commons:commons-pool2:2.10.0
2023-06-13 10:22:41,960 [Worker-61: Download sources and javadoc] INFO  o.e.m.c.i.e.AbstractTransferListenerAdapter - Downloading https://repo1.maven.org/maven2/commons-logging/commons-logging/1.2/commons-logging-1.2-sources.jar
2023-06-13 10:22:42,287 [Worker-61: Download sources and javadoc] INFO  o.e.m.c.i.e.AbstractTransferListenerAdapter - Downloaded https://repo1.maven.org/maven2/commons-logging/commons-logging/1.2/commons-logging-1.2-sources.jar
2023-06-13 10:22:42,288 [Worker-61: Download sources and javadoc] INFO  o.e.m.j.internal.DownloadSourcesJob - Downloaded sources for commons-logging:commons-logging:1.2
2023-06-13 10:22:42,432 [Worker-60: Building] WARN  o.e.m.c.i.embedder.EclipseLogger - Using platform encoding (UTF-8 actually) to copy filtered resources, i.e. build is platform dependent!
2023-06-13 10:22:42,432 [Worker-60: Building] INFO  o.e.m.c.i.embedder.EclipseLogger - Copying 0 resource
2023-06-13 10:22:42,433 [Worker-60: Building] WARN  o.e.m.c.i.embedder.EclipseLogger - Using platform encoding (UTF-8 actually) to copy filtered resources, i.e. build is platform dependent!
2023-06-13 10:22:42,433 [Worker-60: Building] INFO  o.e.m.c.i.embedder.EclipseLogger - Copying 0 resource
2023-06-13 10:23:40,403 [Worker-59: Building] INFO  o.e.m.c.i.l.LifecycleMappingFactory - Using org.maven.ide.eclipse.wtp.WarLifecycleMapping lifecycle mapping for MavenProject: com.exam:egov01:1.0.0 @ /Users/ksy/Desktop/KIC_JAVA_PRAC/eGovFrame/com.exam.egov01/pom.xml.
2023-06-13 10:23:40,533 [Worker-59: Building] WARN  o.e.m.c.i.embedder.EclipseLogger - Using platform encoding (UTF-8 actually) to copy filtered resources, i.e. build is platform dependent!
2023-06-13 10:23:40,534 [Worker-59: Building] INFO  o.e.m.c.i.embedder.EclipseLogger - Copying 0 resource
2023-06-13 10:23:40,535 [Worker-59: Building] WARN  o.e.m.c.i.embedder.EclipseLogger - Using platform encoding (UTF-8 actually) to copy filtered resources, i.e. build is platform dependent!
2023-06-13 10:23:40,535 [Worker-59: Building] INFO  o.e.m.c.i.embedder.EclipseLogger - Copying 0 resource
2023-06-13 10:23:40,535 [Worker-59: Building] INFO  o.e.m.w.i.f.ResourceFilteringBuildParticipant - Changed resources require a complete clean of filtered resources of com.exam.egov01
2023-06-13 10:23:40,535 [Worker-59: Building] INFO  o.e.m.w.i.f.ResourceFilteringBuildParticipant - Executing resource filtering for com.exam.egov01
2023-06-13 10:23:40,536 [Worker-59: Building] WARN  o.e.m.c.i.embedder.EclipseLogger - Using platform encoding (UTF-8 actually) to copy filtered resources, i.e. build is platform dependent!
2023-06-13 10:23:41,676 [Worker-62: Building] WARN  o.e.m.c.i.embedder.EclipseLogger - Using platform encoding (UTF-8 actually) to copy filtered resources, i.e. build is platform dependent!
2023-06-13 10:23:41,677 [Worker-62: Building] INFO  o.e.m.c.i.embedder.EclipseLogger - Copying 18 resources
2023-06-13 10:23:41,684 [Worker-62: Building] WARN  o.e.m.c.i.embedder.EclipseLogger - Using platform encoding (UTF-8 actually) to copy filtered resources, i.e. build is platform dependent!
2023-06-13 10:23:41,685 [Worker-62: Building] INFO  o.e.m.c.i.embedder.EclipseLogger - Copying 0 resource
2023-06-13 10:27:56,017 [Worker-62: Building] WARN  o.e.m.c.i.embedder.EclipseLogger - Using platform encoding (UTF-8 actually) to copy filtered resources, i.e. build is platform dependent!
2023-06-13 10:27:56,018 [Worker-62: Building] INFO  o.e.m.c.i.embedder.EclipseLogger - Copying 1 resource
2023-06-13 10:27:56,018 [Worker-62: Building] WARN  o.e.m.c.i.embedder.EclipseLogger - Using platform encoding (UTF-8 actually) to copy filtered resources, i.e. build is platform dependent!
2023-06-13 10:27:56,019 [Worker-62: Building] INFO  o.e.m.c.i.embedder.EclipseLogger - Copying 0 resource
2023-06-13 10:30:20,380 [Worker-63: Building] WARN  o.e.m.c.i.embedder.EclipseLogger - Using platform encoding (UTF-8 actually) to copy filtered resources, i.e. build is platform dependent!
2023-06-13 10:30:20,384 [Worker-63: Building] INFO  o.e.m.c.i.embedder.EclipseLogger - Copying 1 resource
2023-06-13 10:30:20,385 [Worker-63: Building] WARN  o.e.m.c.i.embedder.EclipseLogger - Using platform encoding (UTF-8 actually) to copy filtered resources, i.e. build is platform dependent!
2023-06-13 10:30:20,385 [Worker-63: Building] INFO  o.e.m.c.i.embedder.EclipseLogger - Copying 0 resource
